This file contains any messages produced by compilers while
running configure, to aid debugging if configure makes a mistake.

It was created by chillispot configure 1.0-coova.4, which was
generated by GNU Autoconf 2.59.  Invocation command line was

  $ ./configure --prefix=/home/dslpl3/zhangzhihua/svn/RTL8676/RTL8676xx/build/tmpdist --host=mips-linux --enable-static-exec

## --------- ##
## Platform. ##
## --------- ##

hostname = soft
uname -m = i686
uname -r = 2.6.18-8.el5xen
uname -s = Linux
uname -v = #1 SMP Fri Jan 26 14:42:21 EST 2007

/usr/bin/uname -p = unknown
/bin/uname -X     = unknown

/bin/arch              = i686
/usr/bin/arch -k       = unknown
/usr/convex/getsysinfo = unknown
hostinfo               = unknown
/bin/machine           = unknown
/usr/bin/oslevel       = unknown
/bin/universe          = unknown

PATH: /usr/kerberos/bin
PATH: /usr/local/bin
PATH: /bin
PATH: /usr/bin
PATH: /usr/local/jungo/bin
PATH: /home/dslpl3/zhangzhihua/bin
PATH: /home/dslpl3/zhangzhihua/svn/RTL8676/RTL8676xx/tools
PATH: /opt/tbs_toolchains/realtek/rsdk-1.5.6-5281-EB-2.6.30-0.9.30.3-110915/bin
PATH: /home/dslpl3/zhangzhihua/svn/RTL8676/RTL8676xx/tools
PATH: /opt/tbs_toolchains/realtek/rsdk-1.5.6-5281-EB-2.6.30-0.9.30.3-110915/bin
PATH: /home/dslpl3/zhangzhihua/svn/RTL8676/RTL8676xx/tools
PATH: /opt/tbs_toolchains/realtek/rsdk-1.5.6-5281-EB-2.6.30-0.9.30.3-110915/bin
PATH: /home/dslpl3/zhangzhihua/svn/RTL8676/RTL8676xx/tools
PATH: /opt/tbs_toolchains/realtek/rsdk-1.5.6-5281-EB-2.6.30-0.9.30.3-110915/bin


## ----------- ##
## Core tests. ##
## ----------- ##

configure:1553: checking for a BSD-compatible install
configure:1608: result: /usr/bin/install -c
configure:1619: checking whether build environment is sane
configure:1662: result: yes
configure:1727: checking for gawk
configure:1753: result: awk
configure:1763: checking whether make sets $(MAKE)
configure:1783: result: yes
configure:1859: checking for mips-linux-strip
configure:1885: result: rsdk-linux-strip
configure:1964: checking for mips-linux-gcc
configure:1990: result: rsdk-linux-gcc
configure:2272: checking for C compiler version
configure:2275: rsdk-linux-gcc --version </dev/null >&5
mips-linux-xgcc (Realtek RSDK-1.5.6p2) 4.4.6
Copyright (C) 2010 Free Software Foundation, Inc.
This is free software; see the source for copying conditions.  There is NO
warranty; not even for MERCHANTABILITY or FITNESS FOR A PARTICULAR PURPOSE.

configure:2278: $? = 0
configure:2280: rsdk-linux-gcc -v </dev/null >&5
Using built-in specs.
Target: mips-linux
Configured with: RSDK Builder release 1.5
Thread model: posix
gcc version 4.4.6 (Realtek RSDK-1.5.6p2) 
configure:2283: $? = 0
configure:2285: rsdk-linux-gcc -V </dev/null >&5
mips-linux-xgcc: '-V' must come at the start of the command line
configure:2288: $? = 1
configure:2311: checking for C compiler default output file name
configure:2314: rsdk-linux-gcc    conftest.c  >&5
configure:2317: $? = 0
configure:2363: result: a.out
configure:2368: checking whether the C compiler works
configure:2374: ./a.out
./configure: line 2375: ./a.out: cannot execute binary file
configure:2377: $? = 126
configure:2394: result: yes
configure:2401: checking whether we are cross compiling
configure:2403: result: yes
configure:2406: checking for suffix of executables
configure:2408: rsdk-linux-gcc -o conftest    conftest.c  >&5
configure:2411: $? = 0
configure:2436: result: 
configure:2442: checking for suffix of object files
configure:2463: rsdk-linux-gcc -c   conftest.c >&5
configure:2466: $? = 0
configure:2488: result: o
configure:2492: checking whether we are using the GNU C compiler
configure:2516: rsdk-linux-gcc -c   conftest.c >&5
configure:2522: $? = 0
configure:2526: test -z 
			 || test ! -s conftest.err
configure:2529: $? = 0
configure:2532: test -s conftest.o
configure:2535: $? = 0
configure:2548: result: yes
configure:2554: checking whether rsdk-linux-gcc accepts -g
configure:2575: rsdk-linux-gcc -c -g  conftest.c >&5
configure:2581: $? = 0
configure:2585: test -z 
			 || test ! -s conftest.err
configure:2588: $? = 0
configure:2591: test -s conftest.o
configure:2594: $? = 0
configure:2605: result: yes
configure:2622: checking for rsdk-linux-gcc option to accept ANSI C
configure:2692: rsdk-linux-gcc  -c -g -O2  conftest.c >&5
configure:2698: $? = 0
configure:2702: test -z 
			 || test ! -s conftest.err
configure:2705: $? = 0
configure:2708: test -s conftest.o
configure:2711: $? = 0
configure:2729: result: none needed
configure:2747: rsdk-linux-gcc -c -g -O2  conftest.c >&5
conftest.c:2: error: expected '=', ',', ';', 'asm' or '__attribute__' before 'me'
configure:2753: $? = 1
configure: failed program was:
| #ifndef __cplusplus
|   choke me
| #endif
configure:2897: checking for style of include used by make
configure:2925: result: GNU
configure:2953: checking dependency style of rsdk-linux-gcc
configure:3043: result: gcc3
configure:3140: checking build system type
configure:3158: result: i686-pc-linux-gnu
configure:3166: checking host system type
configure:3180: result: mips-unknown-linux-gnu
configure:3188: checking for a sed that does not truncate output
configure:3242: result: /bin/sed
configure:3245: checking for egrep
configure:3255: result: grep -E
configure:3271: checking for ld used by rsdk-linux-gcc
configure:3338: result: rsdk-linux-ld
configure:3347: checking if the linker (rsdk-linux-ld) is GNU ld
configure:3362: result: yes
configure:3367: checking for rsdk-linux-ld option to reload object files
configure:3374: result: -r
configure:3392: checking for BSD-compatible nm
configure:3441: result: rsdk-linux-nm
configure:3445: checking whether ln -s works
configure:3449: result: yes
configure:3456: checking how to recognise dependent libraries
configure:3632: result: pass_all
configure:3869: checking how to run the C preprocessor
configure:3987: result: rsdk-linux-gcc -E
configure:4011: rsdk-linux-gcc -E  conftest.c
configure:4017: $? = 0
configure:4049: rsdk-linux-gcc -E  conftest.c
conftest.c:11:28: error: ac_nonexistent.h: No such file or directory
configure:4055: $? = 1
configure: failed program was:
| /* confdefs.h.  */
| 
| #define PACKAGE_NAME "chillispot"
| #define PACKAGE_TARNAME "chillispot"
| #define PACKAGE_VERSION "1.0-coova.4"
| #define PACKAGE_STRING "chillispot 1.0-coova.4"
| #define PACKAGE_BUGREPORT "support@coova.org"
| #define PACKAGE "chillispot"
| #define VERSION "1.0-coova.4"
| /* end confdefs.h.  */
| #include <ac_nonexistent.h>
configure:4099: checking for ANSI C header files
configure:4124: rsdk-linux-gcc -c -g -O2  conftest.c >&5
configure:4130: $? = 0
configure:4134: test -z 
			 || test ! -s conftest.err
configure:4137: $? = 0
configure:4140: test -s conftest.o
configure:4143: $? = 0
configure:4255: result: yes
configure:4279: checking for sys/types.h
configure:4295: rsdk-linux-gcc -c -g -O2  conftest.c >&5
configure:4301: $? = 0
configure:4305: test -z 
			 || test ! -s conftest.err
configure:4308: $? = 0
configure:4311: test -s conftest.o
configure:4314: $? = 0
configure:4325: result: yes
configure:4279: checking for sys/stat.h
configure:4295: rsdk-linux-gcc -c -g -O2  conftest.c >&5
configure:4301: $? = 0
configure:4305: test -z 
			 || test ! -s conftest.err
configure:4308: $? = 0
configure:4311: test -s conftest.o
configure:4314: $? = 0
configure:4325: result: yes
configure:4279: checking for stdlib.h
configure:4295: rsdk-linux-gcc -c -g -O2  conftest.c >&5
configure:4301: $? = 0
configure:4305: test -z 
			 || test ! -s conftest.err
configure:4308: $? = 0
configure:4311: test -s conftest.o
configure:4314: $? = 0
configure:4325: result: yes
configure:4279: checking for string.h
configure:4295: rsdk-linux-gcc -c -g -O2  conftest.c >&5
configure:4301: $? = 0
configure:4305: test -z 
			 || test ! -s conftest.err
configure:4308: $? = 0
configure:4311: test -s conftest.o
configure:4314: $? = 0
configure:4325: result: yes
configure:4279: checking for memory.h
configure:4295: rsdk-linux-gcc -c -g -O2  conftest.c >&5
configure:4301: $? = 0
configure:4305: test -z 
			 || test ! -s conftest.err
configure:4308: $? = 0
configure:4311: test -s conftest.o
configure:4314: $? = 0
configure:4325: result: yes
configure:4279: checking for strings.h
configure:4295: rsdk-linux-gcc -c -g -O2  conftest.c >&5
configure:4301: $? = 0
configure:4305: test -z 
			 || test ! -s conftest.err
configure:4308: $? = 0
configure:4311: test -s conftest.o
configure:4314: $? = 0
configure:4325: result: yes
configure:4279: checking for inttypes.h
configure:4295: rsdk-linux-gcc -c -g -O2  conftest.c >&5
configure:4301: $? = 0
configure:4305: test -z 
			 || test ! -s conftest.err
configure:4308: $? = 0
configure:4311: test -s conftest.o
configure:4314: $? = 0
configure:4325: result: yes
configure:4279: checking for stdint.h
configure:4295: rsdk-linux-gcc -c -g -O2  conftest.c >&5
configure:4301: $? = 0
configure:4305: test -z 
			 || test ! -s conftest.err
configure:4308: $? = 0
configure:4311: test -s conftest.o
configure:4314: $? = 0
configure:4325: result: yes
configure:4279: checking for unistd.h
configure:4295: rsdk-linux-gcc -c -g -O2  conftest.c >&5
configure:4301: $? = 0
configure:4305: test -z 
			 || test ! -s conftest.err
configure:4308: $? = 0
configure:4311: test -s conftest.o
configure:4314: $? = 0
configure:4325: result: yes
configure:4351: checking dlfcn.h usability
configure:4363: rsdk-linux-gcc -c -g -O2  conftest.c >&5
configure:4369: $? = 0
configure:4373: test -z 
			 || test ! -s conftest.err
configure:4376: $? = 0
configure:4379: test -s conftest.o
configure:4382: $? = 0
configure:4392: result: yes
configure:4396: checking dlfcn.h presence
configure:4406: rsdk-linux-gcc -E  conftest.c
configure:4412: $? = 0
configure:4432: result: yes
configure:4467: checking for dlfcn.h
configure:4474: result: yes
configure:4497: checking for mips-linux-g++
configure:4513: found /opt/tbs_toolchains/realtek/rsdk-1.5.6-5281-EB-2.6.30-0.9.30.3-110915/bin/mips-linux-g++
configure:4523: result: mips-linux-g++
configure:4581: checking for C++ compiler version
configure:4584: mips-linux-g++ --version </dev/null >&5
mips-linux-xg++ (Realtek RSDK-1.5.6p2) 4.4.6
Copyright (C) 2010 Free Software Foundation, Inc.
This is free software; see the source for copying conditions.  There is NO
warranty; not even for MERCHANTABILITY or FITNESS FOR A PARTICULAR PURPOSE.

configure:4587: $? = 0
configure:4589: mips-linux-g++ -v </dev/null >&5
Using built-in specs.
Target: mips-linux
Configured with: RSDK Builder release 1.5
Thread model: posix
gcc version 4.4.6 (Realtek RSDK-1.5.6p2) 
configure:4592: $? = 0
configure:4594: mips-linux-g++ -V </dev/null >&5
mips-linux-xg++: argument to '-V' missing

configure:4597: $? = 1
configure:4600: checking whether we are using the GNU C++ compiler
configure:4624: mips-linux-g++ -c   conftest.cc >&5
configure:4630: $? = 0
configure:4634: test -z 
			 || test ! -s conftest.err
configure:4637: $? = 0
configure:4640: test -s conftest.o
configure:4643: $? = 0
configure:4656: result: yes
configure:4662: checking whether mips-linux-g++ accepts -g
configure:4683: mips-linux-g++ -c -g  conftest.cc >&5
configure:4689: $? = 0
configure:4693: test -z 
			 || test ! -s conftest.err
configure:4696: $? = 0
configure:4699: test -s conftest.o
configure:4702: $? = 0
configure:4713: result: yes
configure:4755: mips-linux-g++ -c -g -O2  conftest.cc >&5
configure:4761: $? = 0
configure:4765: test -z 
			 || test ! -s conftest.err
configure:4768: $? = 0
configure:4771: test -s conftest.o
configure:4774: $? = 0
configure:4800: mips-linux-g++ -c -g -O2  conftest.cc >&5
conftest.cc: In function 'int main()':
conftest.cc:26: error: 'exit' was not declared in this scope
configure:4806: $? = 1
configure: failed program was:
| /* confdefs.h.  */
| 
| #define PACKAGE_NAME "chillispot"
| #define PACKAGE_TARNAME "chillispot"
| #define PACKAGE_VERSION "1.0-coova.4"
| #define PACKAGE_STRING "chillispot 1.0-coova.4"
| #define PACKAGE_BUGREPORT "support@coova.org"
| #define PACKAGE "chillispot"
| #define VERSION "1.0-coova.4"
| #define STDC_HEADERS 1
| #define HAVE_SYS_TYPES_H 1
| #define HAVE_SYS_STAT_H 1
| #define HAVE_STDLIB_H 1
| #define HAVE_STRING_H 1
| #define HAVE_MEMORY_H 1
| #define HAVE_STRINGS_H 1
| #define HAVE_INTTYPES_H 1
| #define HAVE_STDINT_H 1
| #define HAVE_UNISTD_H 1
| #define HAVE_DLFCN_H 1
| /* end confdefs.h.  */
| 
| int
| main ()
| {
| exit (42);
|   ;
|   return 0;
| }
configure:4755: mips-linux-g++ -c -g -O2  conftest.cc >&5
conftest.cc:22: error: 'void std::exit(int)' should have been declared inside 'std'
configure:4761: $? = 1
configure: failed program was:
| /* confdefs.h.  */
| 
| #define PACKAGE_NAME "chillispot"
| #define PACKAGE_TARNAME "chillispot"
| #define PACKAGE_VERSION "1.0-coova.4"
| #define PACKAGE_STRING "chillispot 1.0-coova.4"
| #define PACKAGE_BUGREPORT "support@coova.org"
| #define PACKAGE "chillispot"
| #define VERSION "1.0-coova.4"
| #define STDC_HEADERS 1
| #define HAVE_SYS_TYPES_H 1
| #define HAVE_SYS_STAT_H 1
| #define HAVE_STDLIB_H 1
| #define HAVE_STRING_H 1
| #define HAVE_MEMORY_H 1
| #define HAVE_STRINGS_H 1
| #define HAVE_INTTYPES_H 1
| #define HAVE_STDINT_H 1
| #define HAVE_UNISTD_H 1
| #define HAVE_DLFCN_H 1
| /* end confdefs.h.  */
| extern "C" void std::exit (int) throw (); using std::exit;
| #include <stdlib.h>
| int
| main ()
| {
| exit (42);
|   ;
|   return 0;
| }
configure:4755: mips-linux-g++ -c -g -O2  conftest.cc >&5
conftest.cc:22: error: 'void std::exit(int)' should have been declared inside 'std'
In file included from conftest.cc:23:
/opt/tbs_toolchains/realtek/rsdk-1.5.6-5281-EB-2.6.30-0.9.30.3-110915/include/stdlib.h:520: error: declaration of 'void std::exit(int) throw ()' throws different exceptions
conftest.cc:22: error: from previous declaration 'void std::exit(int)'
configure:4761: $? = 1
configure: failed program was:
| /* confdefs.h.  */
| 
| #define PACKAGE_NAME "chillispot"
| #define PACKAGE_TARNAME "chillispot"
| #define PACKAGE_VERSION "1.0-coova.4"
| #define PACKAGE_STRING "chillispot 1.0-coova.4"
| #define PACKAGE_BUGREPORT "support@coova.org"
| #define PACKAGE "chillispot"
| #define VERSION "1.0-coova.4"
| #define STDC_HEADERS 1
| #define HAVE_SYS_TYPES_H 1
| #define HAVE_SYS_STAT_H 1
| #define HAVE_STDLIB_H 1
| #define HAVE_STRING_H 1
| #define HAVE_MEMORY_H 1
| #define HAVE_STRINGS_H 1
| #define HAVE_INTTYPES_H 1
| #define HAVE_STDINT_H 1
| #define HAVE_UNISTD_H 1
| #define HAVE_DLFCN_H 1
| /* end confdefs.h.  */
| extern "C" void std::exit (int); using std::exit;
| #include <stdlib.h>
| int
| main ()
| {
| exit (42);
|   ;
|   return 0;
| }
configure:4755: mips-linux-g++ -c -g -O2  conftest.cc >&5
configure:4761: $? = 0
configure:4765: test -z 
			 || test ! -s conftest.err
configure:4768: $? = 0
configure:4771: test -s conftest.o
configure:4774: $? = 0
configure:4800: mips-linux-g++ -c -g -O2  conftest.cc >&5
configure:4806: $? = 0
configure:4810: test -z 
			 || test ! -s conftest.err
configure:4813: $? = 0
configure:4816: test -s conftest.o
configure:4819: $? = 0
configure:4844: checking dependency style of mips-linux-g++
configure:4934: result: gcc3
configure:4961: checking how to run the C++ preprocessor
configure:4992: mips-linux-g++ -E  conftest.cc
configure:4998: $? = 0
configure:5030: mips-linux-g++ -E  conftest.cc
conftest.cc:25:28: error: ac_nonexistent.h: No such file or directory
configure:5036: $? = 1
configure: failed program was:
| /* confdefs.h.  */
| 
| #define PACKAGE_NAME "chillispot"
| #define PACKAGE_TARNAME "chillispot"
| #define PACKAGE_VERSION "1.0-coova.4"
| #define PACKAGE_STRING "chillispot 1.0-coova.4"
| #define PACKAGE_BUGREPORT "support@coova.org"
| #define PACKAGE "chillispot"
| #define VERSION "1.0-coova.4"
| #define STDC_HEADERS 1
| #define HAVE_SYS_TYPES_H 1
| #define HAVE_SYS_STAT_H 1
| #define HAVE_STDLIB_H 1
| #define HAVE_STRING_H 1
| #define HAVE_MEMORY_H 1
| #define HAVE_STRINGS_H 1
| #define HAVE_INTTYPES_H 1
| #define HAVE_STDINT_H 1
| #define HAVE_UNISTD_H 1
| #define HAVE_DLFCN_H 1
| #ifdef __cplusplus
| extern "C" void exit (int) throw ();
| #endif
| /* end confdefs.h.  */
| #include <ac_nonexistent.h>
configure:5075: result: mips-linux-g++ -E
configure:5099: mips-linux-g++ -E  conftest.cc
configure:5105: $? = 0
configure:5137: mips-linux-g++ -E  conftest.cc
conftest.cc:25:28: error: ac_nonexistent.h: No such file or directory
configure:5143: $? = 1
configure: failed program was:
| /* confdefs.h.  */
| 
| #define PACKAGE_NAME "chillispot"
| #define PACKAGE_TARNAME "chillispot"
| #define PACKAGE_VERSION "1.0-coova.4"
| #define PACKAGE_STRING "chillispot 1.0-coova.4"
| #define PACKAGE_BUGREPORT "support@coova.org"
| #define PACKAGE "chillispot"
| #define VERSION "1.0-coova.4"
| #define STDC_HEADERS 1
| #define HAVE_SYS_TYPES_H 1
| #define HAVE_SYS_STAT_H 1
| #define HAVE_STDLIB_H 1
| #define HAVE_STRING_H 1
| #define HAVE_MEMORY_H 1
| #define HAVE_STRINGS_H 1
| #define HAVE_INTTYPES_H 1
| #define HAVE_STDINT_H 1
| #define HAVE_UNISTD_H 1
| #define HAVE_DLFCN_H 1
| #ifdef __cplusplus
| extern "C" void exit (int) throw ();
| #endif
| /* end confdefs.h.  */
| #include <ac_nonexistent.h>
configure:5198: checking for mips-linux-g77
configure:5227: result: no
configure:5198: checking for mips-linux-f77
configure:5227: result: no
configure:5198: checking for mips-linux-xlf
configure:5227: result: no
configure:5198: checking for mips-linux-frt
configure:5227: result: no
configure:5198: checking for mips-linux-pgf77
configure:5227: result: no
configure:5198: checking for mips-linux-fort77
configure:5227: result: no
configure:5198: checking for mips-linux-fl32
configure:5227: result: no
configure:5198: checking for mips-linux-af77
configure:5227: result: no
configure:5198: checking for mips-linux-f90
configure:5227: result: no
configure:5198: checking for mips-linux-xlf90
configure:5227: result: no
configure:5198: checking for mips-linux-pgf90
configure:5227: result: no
configure:5198: checking for mips-linux-epcf90
configure:5227: result: no
configure:5198: checking for mips-linux-f95
configure:5227: result: no
configure:5198: checking for mips-linux-fort
configure:5227: result: no
configure:5198: checking for mips-linux-xlf95
configure:5227: result: no
configure:5198: checking for mips-linux-ifc
configure:5227: result: no
configure:5198: checking for mips-linux-efc
configure:5227: result: no
configure:5198: checking for mips-linux-pgf95
configure:5227: result: no
configure:5198: checking for mips-linux-lf95
configure:5227: result: no
configure:5198: checking for mips-linux-gfortran
configure:5227: result: no
configure:5240: checking for g77
configure:5269: result: no
configure:5240: checking for f77
configure:5269: result: no
configure:5240: checking for xlf
configure:5269: result: no
configure:5240: checking for frt
configure:5269: result: no
configure:5240: checking for pgf77
configure:5269: result: no
configure:5240: checking for fort77
configure:5269: result: no
configure:5240: checking for fl32
configure:5269: result: no
configure:5240: checking for af77
configure:5269: result: no
configure:5240: checking for f90
configure:5269: result: no
configure:5240: checking for xlf90
configure:5269: result: no
configure:5240: checking for pgf90
configure:5269: result: no
configure:5240: checking for epcf90
configure:5269: result: no
configure:5240: checking for f95
configure:5256: found /usr/bin/f95
configure:5266: result: f95
configure:5281: checking for Fortran 77 compiler version
configure:5284: f95 --version </dev/null >&5
GNU Fortran 95 (GCC) 4.1.1 20070105 (Red Hat 4.1.1-52)
Copyright (C) 2006 Free Software Foundation, Inc.

GNU Fortran comes with NO WARRANTY, to the extent permitted by law.
You may redistribute copies of GNU Fortran
under the terms of the GNU General Public License.
For more information about these matters, see the file named COPYING

configure:5287: $? = 0
configure:5289: f95 -v </dev/null >&5
Using built-in specs.
Target: i386-redhat-linux
Configured with: ../configure --prefix=/usr --mandir=/usr/share/man --infodir=/usr/share/info --enable-shared --enable-threads=posix --enable-checking=release --with-system-zlib --enable-__cxa_atexit --disable-libunwind-exceptions --enable-libgcj-multifile --enable-languages=c,c++,objc,obj-c++,java,fortran,ada --enable-java-awt=gtk --disable-dssi --enable-plugin --with-java-home=/usr/lib/jvm/java-1.4.2-gcj-1.4.2.0/jre --with-cpu=generic --host=i386-redhat-linux
Thread model: posix
gcc version 4.1.1 20070105 (Red Hat 4.1.1-52)
configure:5292: $? = 0
configure:5294: f95 -V </dev/null >&5
f95: '-V' option must have argument
configure:5297: $? = 1
configure:5305: checking whether we are using the GNU Fortran 77 compiler
configure:5319: f95 -c  conftest.F >&5
configure:5325: $? = 0
configure:5329: test -z 
			 || test ! -s conftest.err
configure:5332: $? = 0
configure:5335: test -s conftest.o
configure:5338: $? = 0
configure:5351: result: yes
configure:5357: checking whether f95 accepts -g
configure:5369: f95 -c -g conftest.f >&5
configure:5375: $? = 0
configure:5379: test -z 
			 || test ! -s conftest.err
configure:5382: $? = 0
configure:5385: test -s conftest.o
configure:5388: $? = 0
configure:5400: result: yes
configure:5430: checking the maximum length of command line arguments
configure:5539: result: 32768
configure:5550: checking command to parse rsdk-linux-nm output from rsdk-linux-gcc object
configure:5655: rsdk-linux-gcc -c -g -O2  conftest.c >&5
configure:5658: $? = 0
configure:5662: rsdk-linux-nm conftest.o \| sed -n -e 's/^.*[ 	]\([ABCDGIRSTW][ABCDGIRSTW]*\)[ 	][ 	]*\([_A-Za-z][_A-Za-z0-9]*\)$/\1 \2 \2/p' \> conftest.nm
configure:5665: $? = 0
configure:5717: rsdk-linux-gcc -o conftest -g -O2   conftest.c conftstm.o >&5
configure:5720: $? = 0
configure:5758: result: ok
configure:5762: checking for objdir
configure:5777: result: .libs
configure:5829: checking for mips-linux-ar
configure:5855: result: rsdk-linux-ar
configure:5909: checking for mips-linux-ranlib
configure:5935: result: rsdk-linux-ranlib
configure:5989: checking for mips-linux-strip
configure:6015: result: rsdk-linux-strip
configure:6326: checking if rsdk-linux-gcc supports -fno-rtti -fno-exceptions
configure:6344: rsdk-linux-gcc -c -g -O2  -fno-rtti -fno-exceptions conftest.c >&5
cc1: warning: command line option "-fno-rtti" is valid for C++/ObjC++ but not for C
configure:6348: $? = 0
configure:6361: result: no
configure:6376: checking for rsdk-linux-gcc option to produce PIC
configure:6586: result: -fPIC
configure:6594: checking if rsdk-linux-gcc PIC flag -fPIC works
configure:6612: rsdk-linux-gcc -c -g -O2  -fPIC -DPIC conftest.c >&5
configure:6616: $? = 0
configure:6629: result: yes
configure:6657: checking if rsdk-linux-gcc static flag -static works
configure:6685: result: yes
configure:6695: checking if rsdk-linux-gcc supports -c -o file.o
configure:6716: rsdk-linux-gcc -c -g -O2  -o out/conftest2.o conftest.c >&5
configure:6720: $? = 0
configure:6742: result: yes
configure:6768: checking whether the rsdk-linux-gcc linker (rsdk-linux-ld) supports shared libraries
configure:7726: result: yes
configure:7747: checking whether -lc should be explicitly linked in
configure:7752: rsdk-linux-gcc -c -g -O2  conftest.c >&5
configure:7755: $? = 0
configure:7770: rsdk-linux-gcc -shared conftest.o  -v -Wl,-soname -Wl,conftest -o conftest 2\>\&1 \| grep  -lc  \>/dev/null 2\>\&1
configure:7773: $? = 0
configure:7785: result: no
configure:7793: checking dynamic linker characteristics
configure:8402: result: GNU/Linux ld.so
configure:8411: checking how to hardcode library paths into programs
configure:8436: result: immediate
configure:8450: checking whether stripping libraries is possible
configure:8455: result: yes
configure:9289: checking if libtool supports shared libraries
configure:9291: result: yes
configure:9294: checking whether to build shared libraries
configure:9315: result: yes
configure:9318: checking whether to build static libraries
configure:9322: result: yes
configure:9414: creating libtool
configure:10002: checking for ld used by mips-linux-g++
configure:10069: result: rsdk-linux-ld
configure:10078: checking if the linker (rsdk-linux-ld) is GNU ld
configure:10093: result: yes
configure:10144: checking whether the mips-linux-g++ linker (rsdk-linux-ld) supports shared libraries
configure:11082: result: yes
configure:11100: mips-linux-g++ -c -g -O2  conftest.cpp >&5
configure:11103: $? = 0
configure:11222: checking for mips-linux-g++ option to produce PIC
configure:11496: result: -fPIC
configure:11504: checking if mips-linux-g++ PIC flag -fPIC works
configure:11522: mips-linux-g++ -c -g -O2  -fPIC -DPIC conftest.cpp >&5
configure:11526: $? = 0
configure:11539: result: yes
configure:11567: checking if mips-linux-g++ static flag -static works
configure:11595: result: yes
configure:11605: checking if mips-linux-g++ supports -c -o file.o
configure:11626: mips-linux-g++ -c -g -O2  -o out/conftest2.o conftest.cpp >&5
configure:11630: $? = 0
configure:11652: result: yes
configure:11678: checking whether the mips-linux-g++ linker (rsdk-linux-ld) supports shared libraries
configure:11703: result: yes
configure:11770: checking dynamic linker characteristics
configure:12379: result: GNU/Linux ld.so
configure:12388: checking how to hardcode library paths into programs
configure:12413: result: immediate
configure:12939: checking if libtool supports shared libraries
configure:12941: result: yes
configure:12944: checking whether to build shared libraries
configure:12964: result: yes
configure:12967: checking whether to build static libraries
configure:12971: result: yes
configure:12981: checking for f95 option to produce PIC
configure:13191: result: -fPIC
configure:13199: checking if f95 PIC flag -fPIC works
configure:13217: f95 -c -g -O2 -fPIC conftest.f >&5
configure:13221: $? = 0
configure:13234: result: yes
configure:13262: checking if f95 static flag -static works
configure:13290: result: yes
configure:13300: checking if f95 supports -c -o file.o
configure:13321: f95 -c -g -O2 -o out/conftest2.o conftest.f >&5
configure:13325: $? = 0
configure:13347: result: yes
configure:13373: checking whether the f95 linker (rsdk-linux-ld) supports shared libraries
configure:14311: result: yes
configure:14378: checking dynamic linker characteristics
configure:14987: result: GNU/Linux ld.so
configure:14996: checking how to hardcode library paths into programs
configure:15021: result: immediate
configure:18610: checking for ANSI C header files
configure:18766: result: yes
configure:18804: checking arpa/inet.h usability
configure:18816: rsdk-linux-gcc -c -g -O2  conftest.c >&5
configure:18822: $? = 0
configure:18826: test -z 
			 || test ! -s conftest.err
configure:18829: $? = 0
configure:18832: test -s conftest.o
configure:18835: $? = 0
configure:18845: result: yes
configure:18849: checking arpa/inet.h presence
configure:18859: rsdk-linux-gcc -E  conftest.c
configure:18865: $? = 0
configure:18885: result: yes
configure:18920: checking for arpa/inet.h
configure:18927: result: yes
configure:18804: checking fcntl.h usability
configure:18816: rsdk-linux-gcc -c -g -O2  conftest.c >&5
configure:18822: $? = 0
configure:18826: test -z 
			 || test ! -s conftest.err
configure:18829: $? = 0
configure:18832: test -s conftest.o
configure:18835: $? = 0
configure:18845: result: yes
configure:18849: checking fcntl.h presence
configure:18859: rsdk-linux-gcc -E  conftest.c
configure:18865: $? = 0
configure:18885: result: yes
configure:18920: checking for fcntl.h
configure:18927: result: yes
configure:18804: checking netdb.h usability
configure:18816: rsdk-linux-gcc -c -g -O2  conftest.c >&5
configure:18822: $? = 0
configure:18826: test -z 
			 || test ! -s conftest.err
configure:18829: $? = 0
configure:18832: test -s conftest.o
configure:18835: $? = 0
configure:18845: result: yes
configure:18849: checking netdb.h presence
configure:18859: rsdk-linux-gcc -E  conftest.c
configure:18865: $? = 0
configure:18885: result: yes
configure:18920: checking for netdb.h
configure:18927: result: yes
configure:18804: checking netinet/in.h usability
configure:18816: rsdk-linux-gcc -c -g -O2  conftest.c >&5
configure:18822: $? = 0
configure:18826: test -z 
			 || test ! -s conftest.err
configure:18829: $? = 0
configure:18832: test -s conftest.o
configure:18835: $? = 0
configure:18845: result: yes
configure:18849: checking netinet/in.h presence
configure:18859: rsdk-linux-gcc -E  conftest.c
configure:18865: $? = 0
configure:18885: result: yes
configure:18920: checking for netinet/in.h
configure:18927: result: yes
configure:18795: checking for stdint.h
configure:18800: result: yes
configure:18795: checking for stdlib.h
configure:18800: result: yes
configure:18795: checking for string.h
configure:18800: result: yes
configure:18804: checking sys/ioctl.h usability
configure:18816: rsdk-linux-gcc -c -g -O2  conftest.c >&5
configure:18822: $? = 0
configure:18826: test -z 
			 || test ! -s conftest.err
configure:18829: $? = 0
configure:18832: test -s conftest.o
configure:18835: $? = 0
configure:18845: result: yes
configure:18849: checking sys/ioctl.h presence
configure:18859: rsdk-linux-gcc -E  conftest.c
configure:18865: $? = 0
configure:18885: result: yes
configure:18920: checking for sys/ioctl.h
configure:18927: result: yes
configure:18804: checking sys/socket.h usability
configure:18816: rsdk-linux-gcc -c -g -O2  conftest.c >&5
configure:18822: $? = 0
configure:18826: test -z 
			 || test ! -s conftest.err
configure:18829: $? = 0
configure:18832: test -s conftest.o
configure:18835: $? = 0
configure:18845: result: yes
configure:18849: checking sys/socket.h presence
configure:18859: rsdk-linux-gcc -E  conftest.c
configure:18865: $? = 0
configure:18885: result: yes
configure:18920: checking for sys/socket.h
configure:18927: result: yes
configure:18804: checking sys/time.h usability
configure:18816: rsdk-linux-gcc -c -g -O2  conftest.c >&5
configure:18822: $? = 0
configure:18826: test -z 
			 || test ! -s conftest.err
configure:18829: $? = 0
configure:18832: test -s conftest.o
configure:18835: $? = 0
configure:18845: result: yes
configure:18849: checking sys/time.h presence
configure:18859: rsdk-linux-gcc -E  conftest.c
configure:18865: $? = 0
configure:18885: result: yes
configure:18920: checking for sys/time.h
configure:18927: result: yes
configure:18804: checking syslog.h usability
configure:18816: rsdk-linux-gcc -c -g -O2  conftest.c >&5
configure:18822: $? = 0
configure:18826: test -z 
			 || test ! -s conftest.err
configure:18829: $? = 0
configure:18832: test -s conftest.o
configure:18835: $? = 0
configure:18845: result: yes
configure:18849: checking syslog.h presence
configure:18859: rsdk-linux-gcc -E  conftest.c
configure:18865: $? = 0
configure:18885: result: yes
configure:18920: checking for syslog.h
configure:18927: result: yes
configure:18795: checking for unistd.h
configure:18800: result: yes
configure:18804: checking net/route.h usability
configure:18816: rsdk-linux-gcc -c -g -O2  conftest.c >&5
configure:18822: $? = 0
configure:18826: test -z 
			 || test ! -s conftest.err
configure:18829: $? = 0
configure:18832: test -s conftest.o
configure:18835: $? = 0
configure:18845: result: yes
configure:18849: checking net/route.h presence
configure:18859: rsdk-linux-gcc -E  conftest.c
configure:18865: $? = 0
configure:18885: result: yes
configure:18920: checking for net/route.h
configure:18927: result: yes
configure:18804: checking net/if.h usability
configure:18816: rsdk-linux-gcc -c -g -O2  conftest.c >&5
configure:18822: $? = 0
configure:18826: test -z 
			 || test ! -s conftest.err
configure:18829: $? = 0
configure:18832: test -s conftest.o
configure:18835: $? = 0
configure:18845: result: yes
configure:18849: checking net/if.h presence
configure:18859: rsdk-linux-gcc -E  conftest.c
configure:18865: $? = 0
configure:18885: result: yes
configure:18920: checking for net/if.h
configure:18927: result: yes
configure:18804: checking net/if_tun.h usability
configure:18816: rsdk-linux-gcc -c -g -O2  conftest.c >&5
conftest.c:74:24: error: net/if_tun.h: No such file or directory
configure:18822: $? = 1
configure: failed program was:
| /* confdefs.h.  */
| 
| #define PACKAGE_NAME "chillispot"
| #define PACKAGE_TARNAME "chillispot"
| #define PACKAGE_VERSION "1.0-coova.4"
| #define PACKAGE_STRING "chillispot 1.0-coova.4"
| #define PACKAGE_BUGREPORT "support@coova.org"
| #define PACKAGE "chillispot"
| #define VERSION "1.0-coova.4"
| #define STDC_HEADERS 1
| #define HAVE_SYS_TYPES_H 1
| #define HAVE_SYS_STAT_H 1
| #define HAVE_STDLIB_H 1
| #define HAVE_STRING_H 1
| #define HAVE_MEMORY_H 1
| #define HAVE_STRINGS_H 1
| #define HAVE_INTTYPES_H 1
| #define HAVE_STDINT_H 1
| #define HAVE_UNISTD_H 1
| #define HAVE_DLFCN_H 1
| #ifdef __cplusplus
| extern "C" void exit (int) throw ();
| #endif
| #define STDC_HEADERS 1
| #define HAVE_ARPA_INET_H 1
| #define HAVE_FCNTL_H 1
| #define HAVE_NETDB_H 1
| #define HAVE_NETINET_IN_H 1
| #define HAVE_STDINT_H 1
| #define HAVE_STDLIB_H 1
| #define HAVE_STRING_H 1
| #define HAVE_SYS_IOCTL_H 1
| #define HAVE_SYS_SOCKET_H 1
| #define HAVE_SYS_TIME_H 1
| #define HAVE_SYSLOG_H 1
| #define HAVE_UNISTD_H 1
| #define HAVE_NET_ROUTE_H 1
| #define HAVE_NET_IF_H 1
| /* end confdefs.h.  */
| #include <stdio.h>
| #if HAVE_SYS_TYPES_H
| # include <sys/types.h>
| #endif
| #if HAVE_SYS_STAT_H
| # include <sys/stat.h>
| #endif
| #if STDC_HEADERS
| # include <stdlib.h>
| # include <stddef.h>
| #else
| # if HAVE_STDLIB_H
| #  include <stdlib.h>
| # endif
| #endif
| #if HAVE_STRING_H
| # if !STDC_HEADERS && HAVE_MEMORY_H
| #  include <memory.h>
| # endif
| # include <string.h>
| #endif
| #if HAVE_STRINGS_H
| # include <strings.h>
| #endif
| #if HAVE_INTTYPES_H
| # include <inttypes.h>
| #else
| # if HAVE_STDINT_H
| #  include <stdint.h>
| # endif
| #endif
| #if HAVE_UNISTD_H
| # include <unistd.h>
| #endif
| #include <net/if_tun.h>
configure:18845: result: no
configure:18849: checking net/if_tun.h presence
configure:18859: rsdk-linux-gcc -E  conftest.c
conftest.c:40:24: error: net/if_tun.h: No such file or directory
configure:18865: $? = 1
configure: failed program was:
| /* confdefs.h.  */
| 
| #define PACKAGE_NAME "chillispot"
| #define PACKAGE_TARNAME "chillispot"
| #define PACKAGE_VERSION "1.0-coova.4"
| #define PACKAGE_STRING "chillispot 1.0-coova.4"
| #define PACKAGE_BUGREPORT "support@coova.org"
| #define PACKAGE "chillispot"
| #define VERSION "1.0-coova.4"
| #define STDC_HEADERS 1
| #define HAVE_SYS_TYPES_H 1
| #define HAVE_SYS_STAT_H 1
| #define HAVE_STDLIB_H 1
| #define HAVE_STRING_H 1
| #define HAVE_MEMORY_H 1
| #define HAVE_STRINGS_H 1
| #define HAVE_INTTYPES_H 1
| #define HAVE_STDINT_H 1
| #define HAVE_UNISTD_H 1
| #define HAVE_DLFCN_H 1
| #ifdef __cplusplus
| extern "C" void exit (int) throw ();
| #endif
| #define STDC_HEADERS 1
| #define HAVE_ARPA_INET_H 1
| #define HAVE_FCNTL_H 1
| #define HAVE_NETDB_H 1
| #define HAVE_NETINET_IN_H 1
| #define HAVE_STDINT_H 1
| #define HAVE_STDLIB_H 1
| #define HAVE_STRING_H 1
| #define HAVE_SYS_IOCTL_H 1
| #define HAVE_SYS_SOCKET_H 1
| #define HAVE_SYS_TIME_H 1
| #define HAVE_SYSLOG_H 1
| #define HAVE_UNISTD_H 1
| #define HAVE_NET_ROUTE_H 1
| #define HAVE_NET_IF_H 1
| /* end confdefs.h.  */
| #include <net/if_tun.h>
configure:18885: result: no
configure:18920: checking for net/if_tun.h
configure:18927: result: no
configure:18942: checking for an ANSI C-conforming const
configure:19009: rsdk-linux-gcc -c -g -O2  conftest.c >&5
configure:19015: $? = 0
configure:19019: test -z 
			 || test ! -s conftest.err
configure:19022: $? = 0
configure:19025: test -s conftest.o
configure:19028: $? = 0
configure:19039: result: yes
configure:19049: checking for mode_t
configure:19073: rsdk-linux-gcc -c -g -O2  conftest.c >&5
configure:19079: $? = 0
configure:19083: test -z 
			 || test ! -s conftest.err
configure:19086: $? = 0
configure:19089: test -s conftest.o
configure:19092: $? = 0
configure:19103: result: yes
configure:19115: checking whether time.h and sys/time.h may both be included
configure:19140: rsdk-linux-gcc -c -g -O2  conftest.c >&5
configure:19146: $? = 0
configure:19150: test -z 
			 || test ! -s conftest.err
configure:19153: $? = 0
configure:19156: test -s conftest.o
configure:19159: $? = 0
configure:19170: result: yes
configure:19182: checking for pid_t
configure:19206: rsdk-linux-gcc -c -g -O2  conftest.c >&5
configure:19212: $? = 0
configure:19216: test -z 
			 || test ! -s conftest.err
configure:19219: $? = 0
configure:19222: test -s conftest.o
configure:19225: $? = 0
configure:19236: result: yes
configure:19254: checking for unistd.h
configure:19259: result: yes
configure:19263: checking vfork.h usability
configure:19275: rsdk-linux-gcc -c -g -O2  conftest.c >&5
conftest.c:76:19: error: vfork.h: No such file or directory
configure:19281: $? = 1
configure: failed program was:
| /* confdefs.h.  */
| 
| #define PACKAGE_NAME "chillispot"
| #define PACKAGE_TARNAME "chillispot"
| #define PACKAGE_VERSION "1.0-coova.4"
| #define PACKAGE_STRING "chillispot 1.0-coova.4"
| #define PACKAGE_BUGREPORT "support@coova.org"
| #define PACKAGE "chillispot"
| #define VERSION "1.0-coova.4"
| #define STDC_HEADERS 1
| #define HAVE_SYS_TYPES_H 1
| #define HAVE_SYS_STAT_H 1
| #define HAVE_STDLIB_H 1
| #define HAVE_STRING_H 1
| #define HAVE_MEMORY_H 1
| #define HAVE_STRINGS_H 1
| #define HAVE_INTTYPES_H 1
| #define HAVE_STDINT_H 1
| #define HAVE_UNISTD_H 1
| #define HAVE_DLFCN_H 1
| #ifdef __cplusplus
| extern "C" void exit (int) throw ();
| #endif
| #define STDC_HEADERS 1
| #define HAVE_ARPA_INET_H 1
| #define HAVE_FCNTL_H 1
| #define HAVE_NETDB_H 1
| #define HAVE_NETINET_IN_H 1
| #define HAVE_STDINT_H 1
| #define HAVE_STDLIB_H 1
| #define HAVE_STRING_H 1
| #define HAVE_SYS_IOCTL_H 1
| #define HAVE_SYS_SOCKET_H 1
| #define HAVE_SYS_TIME_H 1
| #define HAVE_SYSLOG_H 1
| #define HAVE_UNISTD_H 1
| #define HAVE_NET_ROUTE_H 1
| #define HAVE_NET_IF_H 1
| #define TIME_WITH_SYS_TIME 1
| #define HAVE_UNISTD_H 1
| /* end confdefs.h.  */
| #include <stdio.h>
| #if HAVE_SYS_TYPES_H
| # include <sys/types.h>
| #endif
| #if HAVE_SYS_STAT_H
| # include <sys/stat.h>
| #endif
| #if STDC_HEADERS
| # include <stdlib.h>
| # include <stddef.h>
| #else
| # if HAVE_STDLIB_H
| #  include <stdlib.h>
| # endif
| #endif
| #if HAVE_STRING_H
| # if !STDC_HEADERS && HAVE_MEMORY_H
| #  include <memory.h>
| # endif
| # include <string.h>
| #endif
| #if HAVE_STRINGS_H
| # include <strings.h>
| #endif
| #if HAVE_INTTYPES_H
| # include <inttypes.h>
| #else
| # if HAVE_STDINT_H
| #  include <stdint.h>
| # endif
| #endif
| #if HAVE_UNISTD_H
| # include <unistd.h>
| #endif
| #include <vfork.h>
configure:19304: result: no
configure:19308: checking vfork.h presence
configure:19318: rsdk-linux-gcc -E  conftest.c
conftest.c:42:19: error: vfork.h: No such file or directory
configure:19324: $? = 1
configure: failed program was:
| /* confdefs.h.  */
| 
| #define PACKAGE_NAME "chillispot"
| #define PACKAGE_TARNAME "chillispot"
| #define PACKAGE_VERSION "1.0-coova.4"
| #define PACKAGE_STRING "chillispot 1.0-coova.4"
| #define PACKAGE_BUGREPORT "support@coova.org"
| #define PACKAGE "chillispot"
| #define VERSION "1.0-coova.4"
| #define STDC_HEADERS 1
| #define HAVE_SYS_TYPES_H 1
| #define HAVE_SYS_STAT_H 1
| #define HAVE_STDLIB_H 1
| #define HAVE_STRING_H 1
| #define HAVE_MEMORY_H 1
| #define HAVE_STRINGS_H 1
| #define HAVE_INTTYPES_H 1
| #define HAVE_STDINT_H 1
| #define HAVE_UNISTD_H 1
| #define HAVE_DLFCN_H 1
| #ifdef __cplusplus
| extern "C" void exit (int) throw ();
| #endif
| #define STDC_HEADERS 1
| #define HAVE_ARPA_INET_H 1
| #define HAVE_FCNTL_H 1
| #define HAVE_NETDB_H 1
| #define HAVE_NETINET_IN_H 1
| #define HAVE_STDINT_H 1
| #define HAVE_STDLIB_H 1
| #define HAVE_STRING_H 1
| #define HAVE_SYS_IOCTL_H 1
| #define HAVE_SYS_SOCKET_H 1
| #define HAVE_SYS_TIME_H 1
| #define HAVE_SYSLOG_H 1
| #define HAVE_UNISTD_H 1
| #define HAVE_NET_ROUTE_H 1
| #define HAVE_NET_IF_H 1
| #define TIME_WITH_SYS_TIME 1
| #define HAVE_UNISTD_H 1
| /* end confdefs.h.  */
| #include <vfork.h>
configure:19344: result: no
configure:19379: checking for vfork.h
configure:19386: result: no
configure:19404: checking for fork
configure:19461: rsdk-linux-gcc -o conftest -g -O2   conftest.c  >&5
conftest.c:66: warning: conflicting types for built-in function 'fork'
configure:19467: $? = 0
configure:19471: test -z 
			 || test ! -s conftest.err
configure:19474: $? = 0
configure:19477: test -s conftest
configure:19480: $? = 0
configure:19492: result: yes
configure:19404: checking for vfork
configure:19461: rsdk-linux-gcc -o conftest -g -O2   conftest.c  >&5
configure:19467: $? = 0
configure:19471: test -z 
			 || test ! -s conftest.err
configure:19474: $? = 0
configure:19477: test -s conftest
configure:19480: $? = 0
configure:19492: result: yes
configure:19503: checking for working fork
configure:19548: result: cross
configure:19564: WARNING: result yes guessed because of cross compilation
configure:19569: checking for working vfork
configure:19702: result: yes
configure:19734: checking whether rsdk-linux-gcc needs -traditional
configure:19776: result: no
configure:19783: checking for working memcmp
configure:19853: result: no
configure:19879: checking sys/select.h usability
configure:19891: rsdk-linux-gcc -c -g -O2  conftest.c >&5
configure:19897: $? = 0
configure:19901: test -z 
			 || test ! -s conftest.err
configure:19904: $? = 0
configure:19907: test -s conftest.o
configure:19910: $? = 0
configure:19920: result: yes
configure:19924: checking sys/select.h presence
configure:19934: rsdk-linux-gcc -E  conftest.c
configure:19940: $? = 0
configure:19960: result: yes
configure:19995: checking for sys/select.h
configure:20002: result: yes
configure:19870: checking for sys/socket.h
configure:19875: result: yes
configure:20015: checking types of arguments for select
configure:20048: rsdk-linux-gcc -c -g -O2  conftest.c >&5
configure:20054: $? = 0
configure:20058: test -z 
			 || test ! -s conftest.err
configure:20061: $? = 0
configure:20064: test -s conftest.o
configure:20067: $? = 0
configure:20083: result: int,fd_set *,struct timeval *
configure:20120: checking for gethostbyname
configure:20177: rsdk-linux-gcc -o conftest -g -O2   conftest.c  >&5
configure:20183: $? = 0
configure:20187: test -z 
			 || test ! -s conftest.err
configure:20190: $? = 0
configure:20193: test -s conftest
configure:20196: $? = 0
configure:20208: result: yes
configure:20120: checking for gettimeofday
configure:20177: rsdk-linux-gcc -o conftest -g -O2   conftest.c  >&5
configure:20183: $? = 0
configure:20187: test -z 
			 || test ! -s conftest.err
configure:20190: $? = 0
configure:20193: test -s conftest
configure:20196: $? = 0
configure:20208: result: yes
configure:20120: checking for inet_ntoa
configure:20177: rsdk-linux-gcc -o conftest -g -O2   conftest.c  >&5
configure:20183: $? = 0
configure:20187: test -z 
			 || test ! -s conftest.err
configure:20190: $? = 0
configure:20193: test -s conftest
configure:20196: $? = 0
configure:20208: result: yes
configure:20120: checking for memset
configure:20177: rsdk-linux-gcc -o conftest -g -O2   conftest.c  >&5
conftest.c:78: warning: conflicting types for built-in function 'memset'
configure:20183: $? = 0
configure:20187: test -z 
			 || test ! -s conftest.err
configure:20190: $? = 0
configure:20193: test -s conftest
configure:20196: $? = 0
configure:20208: result: yes
configure:20120: checking for select
configure:20177: rsdk-linux-gcc -o conftest -g -O2   conftest.c  >&5
configure:20183: $? = 0
configure:20187: test -z 
			 || test ! -s conftest.err
configure:20190: $? = 0
configure:20193: test -s conftest
configure:20196: $? = 0
configure:20208: result: yes
configure:20120: checking for socket
configure:20177: rsdk-linux-gcc -o conftest -g -O2   conftest.c  >&5
configure:20183: $? = 0
configure:20187: test -z 
			 || test ! -s conftest.err
configure:20190: $? = 0
configure:20193: test -s conftest
configure:20196: $? = 0
configure:20208: result: yes
configure:20120: checking for strdup
configure:20177: rsdk-linux-gcc -o conftest -g -O2   conftest.c  >&5
conftest.c:81: warning: conflicting types for built-in function 'strdup'
configure:20183: $? = 0
configure:20187: test -z 
			 || test ! -s conftest.err
configure:20190: $? = 0
configure:20193: test -s conftest
configure:20196: $? = 0
configure:20208: result: yes
configure:20120: checking for strerror
configure:20177: rsdk-linux-gcc -o conftest -g -O2   conftest.c  >&5
configure:20183: $? = 0
configure:20187: test -z 
			 || test ! -s conftest.err
configure:20190: $? = 0
configure:20193: test -s conftest
configure:20196: $? = 0
configure:20208: result: yes
configure:20120: checking for strstr
configure:20177: rsdk-linux-gcc -o conftest -g -O2   conftest.c  >&5
conftest.c:83: warning: conflicting types for built-in function 'strstr'
configure:20183: $? = 0
configure:20187: test -z 
			 || test ! -s conftest.err
configure:20190: $? = 0
configure:20193: test -s conftest
configure:20196: $? = 0
configure:20208: result: yes
configure:20120: checking for strtol
configure:20177: rsdk-linux-gcc -o conftest -g -O2   conftest.c  >&5
configure:20183: $? = 0
configure:20187: test -z 
			 || test ! -s conftest.err
configure:20190: $? = 0
configure:20193: test -s conftest
configure:20196: $? = 0
configure:20208: result: yes
configure:20120: checking for getline
configure:20177: rsdk-linux-gcc -o conftest -g -O2   conftest.c  >&5
configure:20183: $? = 0
configure:20187: test -z 
			 || test ! -s conftest.err
configure:20190: $? = 0
configure:20193: test -s conftest
configure:20196: $? = 0
configure:20208: result: yes
configure:20219: checking for res_init in -lresolv
configure:20249: rsdk-linux-gcc -o conftest -g -O2   conftest.c -lresolv   >&5
/tmp/cceMtHwC.o: In function `main':
/home/dslpl3/zhangzhihua/svn/RTL8676/RTL8676xx/build.RTL8676/opensource/fon/chillispot-1.0-coova.4/conftest.c:73: undefined reference to `res_init'
collect2: ld returned 1 exit status
configure:20255: $? = 1
configure: failed program was:
| /* confdefs.h.  */
| 
| #define PACKAGE_NAME "chillispot"
| #define PACKAGE_TARNAME "chillispot"
| #define PACKAGE_VERSION "1.0-coova.4"
| #define PACKAGE_STRING "chillispot 1.0-coova.4"
| #define PACKAGE_BUGREPORT "support@coova.org"
| #define PACKAGE "chillispot"
| #define VERSION "1.0-coova.4"
| #define STDC_HEADERS 1
| #define HAVE_SYS_TYPES_H 1
| #define HAVE_SYS_STAT_H 1
| #define HAVE_STDLIB_H 1
| #define HAVE_STRING_H 1
| #define HAVE_MEMORY_H 1
| #define HAVE_STRINGS_H 1
| #define HAVE_INTTYPES_H 1
| #define HAVE_STDINT_H 1
| #define HAVE_UNISTD_H 1
| #define HAVE_DLFCN_H 1
| #ifdef __cplusplus
| extern "C" void exit (int) throw ();
| #endif
| #define STDC_HEADERS 1
| #define HAVE_ARPA_INET_H 1
| #define HAVE_FCNTL_H 1
| #define HAVE_NETDB_H 1
| #define HAVE_NETINET_IN_H 1
| #define HAVE_STDINT_H 1
| #define HAVE_STDLIB_H 1
| #define HAVE_STRING_H 1
| #define HAVE_SYS_IOCTL_H 1
| #define HAVE_SYS_SOCKET_H 1
| #define HAVE_SYS_TIME_H 1
| #define HAVE_SYSLOG_H 1
| #define HAVE_UNISTD_H 1
| #define HAVE_NET_ROUTE_H 1
| #define HAVE_NET_IF_H 1
| #define TIME_WITH_SYS_TIME 1
| #define HAVE_UNISTD_H 1
| #define HAVE_FORK 1
| #define HAVE_VFORK 1
| #define HAVE_WORKING_VFORK 1
| #define HAVE_WORKING_FORK 1
| #define HAVE_SYS_SELECT_H 1
| #define HAVE_SYS_SOCKET_H 1
| #define SELECT_TYPE_ARG1 int
| #define SELECT_TYPE_ARG234 (fd_set *)
| #define SELECT_TYPE_ARG5 (struct timeval *)
| #define HAVE_GETHOSTBYNAME 1
| #define HAVE_GETTIMEOFDAY 1
| #define HAVE_INET_NTOA 1
| #define HAVE_MEMSET 1
| #define HAVE_SELECT 1
| #define HAVE_SOCKET 1
| #define HAVE_STRDUP 1
| #define HAVE_STRERROR 1
| #define HAVE_STRSTR 1
| #define HAVE_STRTOL 1
| #define HAVE_GETLINE 1
| /* end confdefs.h.  */
| 
| /* Override any gcc2 internal prototype to avoid an error.  */
| #ifdef __cplusplus
| extern "C"
| #endif
| /* We use char because int might match the return type of a gcc2
|    builtin and then its argument prototype would still apply.  */
| char res_init ();
| int
| main ()
| {
| res_init ();
|   ;
|   return 0;
| }
configure:20281: result: no
configure:20411: creating ./config.status

## ---------------------- ##
## Running config.status. ##
## ---------------------- ##

This file was extended by chillispot config.status 1.0-coova.4, which was
generated by GNU Autoconf 2.59.  Invocation command line was

  CONFIG_FILES    = 
  CONFIG_HEADERS  = 
  CONFIG_LINKS    = 
  CONFIG_COMMANDS = 
  $ ./config.status 

on soft

config.status:717: creating Makefile
config.status:717: creating doc/Makefile
config.status:717: creating src/Makefile
config.status:717: creating chillispot.spec
config.status:821: creating config.h
config.status:1021: config.h is unchanged
config.status:1201: executing depfiles commands

## ---------------- ##
## Cache variables. ##
## ---------------- ##

ac_cv_build=i686-pc-linux-gnu
ac_cv_build_alias=i686-pc-linux-gnu
ac_cv_c_compiler_gnu=yes
ac_cv_c_const=yes
ac_cv_cxx_compiler_gnu=yes
ac_cv_env_CC_set=set
ac_cv_env_CC_value=rsdk-linux-gcc
ac_cv_env_CFLAGS_set=
ac_cv_env_CFLAGS_value=
ac_cv_env_CPPFLAGS_set=
ac_cv_env_CPPFLAGS_value=
ac_cv_env_CPP_set=set
ac_cv_env_CPP_value='rsdk-linux-gcc -E'
ac_cv_env_CXXCPP_set=
ac_cv_env_CXXCPP_value=
ac_cv_env_CXXFLAGS_set=
ac_cv_env_CXXFLAGS_value=
ac_cv_env_CXX_set=
ac_cv_env_CXX_value=
ac_cv_env_F77_set=
ac_cv_env_F77_value=
ac_cv_env_FFLAGS_set=
ac_cv_env_FFLAGS_value=
ac_cv_env_LDFLAGS_set=
ac_cv_env_LDFLAGS_value=
ac_cv_env_build_alias_set=
ac_cv_env_build_alias_value=
ac_cv_env_host_alias_set=set
ac_cv_env_host_alias_value=mips-linux
ac_cv_env_target_alias_set=
ac_cv_env_target_alias_value=
ac_cv_exeext=
ac_cv_f77_compiler_gnu=yes
ac_cv_func_fork=yes
ac_cv_func_fork_works=yes
ac_cv_func_gethostbyname=yes
ac_cv_func_getline=yes
ac_cv_func_gettimeofday=yes
ac_cv_func_inet_ntoa=yes
ac_cv_func_memcmp_working=no
ac_cv_func_memset=yes
ac_cv_func_select=yes
ac_cv_func_select_args='int,fd_set *,struct timeval *'
ac_cv_func_socket=yes
ac_cv_func_strdup=yes
ac_cv_func_strerror=yes
ac_cv_func_strstr=yes
ac_cv_func_strtol=yes
ac_cv_func_vfork=yes
ac_cv_func_vfork_works=yes
ac_cv_header_arpa_inet_h=yes
ac_cv_header_dlfcn_h=yes
ac_cv_header_fcntl_h=yes
ac_cv_header_inttypes_h=yes
ac_cv_header_memory_h=yes
ac_cv_header_net_if_h=yes
ac_cv_header_net_if_tun_h=no
ac_cv_header_net_route_h=yes
ac_cv_header_netdb_h=yes
ac_cv_header_netinet_in_h=yes
ac_cv_header_stdc=yes
ac_cv_header_stdint_h=yes
ac_cv_header_stdlib_h=yes
ac_cv_header_string_h=yes
ac_cv_header_strings_h=yes
ac_cv_header_sys_ioctl_h=yes
ac_cv_header_sys_select_h=yes
ac_cv_header_sys_socket_h=yes
ac_cv_header_sys_stat_h=yes
ac_cv_header_sys_time_h=yes
ac_cv_header_sys_types_h=yes
ac_cv_header_syslog_h=yes
ac_cv_header_time=yes
ac_cv_header_unistd_h=yes
ac_cv_header_vfork_h=no
ac_cv_host=mips-unknown-linux-gnu
ac_cv_host_alias=mips-linux
ac_cv_lib_resolv_res_init=no
ac_cv_objext=o
ac_cv_path_install='/usr/bin/install -c'
ac_cv_prog_AR=rsdk-linux-ar
ac_cv_prog_AWK=awk
ac_cv_prog_CC=rsdk-linux-gcc
ac_cv_prog_CPP='rsdk-linux-gcc -E'
ac_cv_prog_CXX=mips-linux-g++
ac_cv_prog_CXXCPP='mips-linux-g++ -E'
ac_cv_prog_RANLIB=rsdk-linux-ranlib
ac_cv_prog_STRIP=rsdk-linux-strip
ac_cv_prog_ac_ct_F77=f95
ac_cv_prog_cc_g=yes
ac_cv_prog_cc_stdc=
ac_cv_prog_cxx_g=yes
ac_cv_prog_egrep='grep -E'
ac_cv_prog_f77_g=yes
ac_cv_prog_gcc_traditional=no
ac_cv_prog_make_make_set=yes
ac_cv_type_mode_t=yes
ac_cv_type_pid_t=yes
am_cv_CC_dependencies_compiler_type=gcc3
am_cv_CXX_dependencies_compiler_type=gcc3
lt_cv_deplibs_check_method=pass_all
lt_cv_file_magic_cmd='$MAGIC_CMD'
lt_cv_file_magic_test_file=
lt_cv_ld_reload_flag=-r
lt_cv_objdir=.libs
lt_cv_path_LD=rsdk-linux-ld
lt_cv_path_LDCXX=rsdk-linux-ld
lt_cv_path_NM=rsdk-linux-nm
lt_cv_path_SED=/bin/sed
lt_cv_prog_compiler_c_o=yes
lt_cv_prog_compiler_c_o_CXX=yes
lt_cv_prog_compiler_c_o_F77=yes
lt_cv_prog_compiler_rtti_exceptions=no
lt_cv_prog_gnu_ld=yes
lt_cv_prog_gnu_ldcxx=yes
lt_cv_sys_global_symbol_pipe='sed -n -e '\''s/^.*[ 	]\([ABCDGIRSTW][ABCDGIRSTW]*\)[ 	][ 	]*\([_A-Za-z][_A-Za-z0-9]*\)$/\1 \2 \2/p'\'''
lt_cv_sys_global_symbol_to_c_name_address='sed -n -e '\''s/^: \([^ ]*\) $/  {\"\1\", (lt_ptr) 0},/p'\'' -e '\''s/^[BCDEGRST] \([^ ]*\) \([^ ]*\)$/  {"\2", (lt_ptr) \&\2},/p'\'''
lt_cv_sys_global_symbol_to_cdecl='sed -n -e '\''s/^. .* \(.*\)$/extern int \1;/p'\'''
lt_cv_sys_max_cmd_len=32768
lt_lt_cv_prog_compiler_c_o='"yes"'
lt_lt_cv_prog_compiler_c_o_CXX='"yes"'
lt_lt_cv_prog_compiler_c_o_F77='"yes"'
lt_lt_cv_sys_global_symbol_pipe='"sed -n -e '\''s/^.*[ 	]\\([ABCDGIRSTW][ABCDGIRSTW]*\\)[ 	][ 	]*\\([_A-Za-z][_A-Za-z0-9]*\\)\$/\\1 \\2 \\2/p'\''"'
lt_lt_cv_sys_global_symbol_to_c_name_address='"sed -n -e '\''s/^: \\([^ ]*\\) \$/  {\\\"\\1\\\", (lt_ptr) 0},/p'\'' -e '\''s/^[BCDEGRST] \\([^ ]*\\) \\([^ ]*\\)\$/  {\"\\2\", (lt_ptr) \\&\\2},/p'\''"'
lt_lt_cv_sys_global_symbol_to_cdecl='"sed -n -e '\''s/^. .* \\(.*\\)\$/extern int \\1;/p'\''"'

## ----------------- ##
## Output variables. ##
## ----------------- ##

ACLOCAL='${SHELL} /home/dslpl3/zhangzhihua/svn/RTL8676/RTL8676xx/build.RTL8676/opensource/fon/chillispot-1.0-coova.4/missing --run aclocal-1.9'
AMDEPBACKSLASH='\'
AMDEP_FALSE='#'
AMDEP_TRUE=''
AMTAR='${SHELL} /home/dslpl3/zhangzhihua/svn/RTL8676/RTL8676xx/build.RTL8676/opensource/fon/chillispot-1.0-coova.4/missing --run tar'
AR='rsdk-linux-ar'
AUTOCONF='${SHELL} /home/dslpl3/zhangzhihua/svn/RTL8676/RTL8676xx/build.RTL8676/opensource/fon/chillispot-1.0-coova.4/missing --run autoconf'
AUTOHEADER='${SHELL} /home/dslpl3/zhangzhihua/svn/RTL8676/RTL8676xx/build.RTL8676/opensource/fon/chillispot-1.0-coova.4/missing --run autoheader'
AUTOMAKE='${SHELL} /home/dslpl3/zhangzhihua/svn/RTL8676/RTL8676xx/build.RTL8676/opensource/fon/chillispot-1.0-coova.4/missing --run automake-1.9'
AWK='awk'
CC='rsdk-linux-gcc'
CCDEPMODE='depmode=gcc3'
CFLAGS='-g -O2'
CPP='rsdk-linux-gcc -E'
CPPFLAGS=''
CXX='mips-linux-g++'
CXXCPP='mips-linux-g++ -E'
CXXDEPMODE='depmode=gcc3'
CXXFLAGS='-g -O2'
CYGPATH_W='echo'
DEFS='-DHAVE_CONFIG_H'
DEPDIR='.deps'
ECHO='echo'
ECHO_C=''
ECHO_N='-n'
ECHO_T=''
EGREP='grep -E'
EXEEXT=''
F77='f95'
FFLAGS='-g -O2'
INSTALL_DATA='${INSTALL} -m 644'
INSTALL_PROGRAM='${INSTALL}'
INSTALL_SCRIPT='${INSTALL}'
INSTALL_STRIP_PROGRAM='${SHELL} $(install_sh) -c -s'
LDFLAGS=''
LIBOBJS=' memcmp$U.o'
LIBS=''
LIBTOOL='$(SHELL) $(top_builddir)/libtool'
LN_S='ln -s'
LTLIBOBJS=' memcmp$U.lo'
MAKEINFO='${SHELL} /home/dslpl3/zhangzhihua/svn/RTL8676/RTL8676xx/build.RTL8676/opensource/fon/chillispot-1.0-coova.4/missing --run makeinfo'
OBJEXT='o'
PACKAGE='chillispot'
PACKAGE_BUGREPORT='support@coova.org'
PACKAGE_NAME='chillispot'
PACKAGE_STRING='chillispot 1.0-coova.4'
PACKAGE_TARNAME='chillispot'
PACKAGE_VERSION='1.0-coova.4'
PATH_SEPARATOR=':'
RANLIB='rsdk-linux-ranlib'
SET_MAKE=''
SHELL='/bin/sh'
STRIP='rsdk-linux-strip'
VERSION='1.0-coova.4'
ac_ct_AR=''
ac_ct_CC=''
ac_ct_CXX=''
ac_ct_F77='f95'
ac_ct_RANLIB=''
ac_ct_STRIP=''
am__fastdepCC_FALSE='#'
am__fastdepCC_TRUE=''
am__fastdepCXX_FALSE='#'
am__fastdepCXX_TRUE=''
am__include='include'
am__leading_dot='.'
am__quote=''
am__tar='${AMTAR} chof - "$$tardir"'
am__untar='${AMTAR} xf -'
bindir='${exec_prefix}/bin'
build='i686-pc-linux-gnu'
build_alias=''
build_cpu='i686'
build_os='linux-gnu'
build_vendor='pc'
datadir='${prefix}/share'
exec_prefix='${prefix}'
host='mips-unknown-linux-gnu'
host_alias='mips-linux'
host_cpu='mips'
host_os='linux-gnu'
host_vendor='unknown'
includedir='${prefix}/include'
infodir='${prefix}/info'
install_sh='/home/dslpl3/zhangzhihua/svn/RTL8676/RTL8676xx/build.RTL8676/opensource/fon/chillispot-1.0-coova.4/install-sh'
libdir='${exec_prefix}/lib'
libexecdir='${exec_prefix}/libexec'
localstatedir='${prefix}/var'
mandir='${prefix}/man'
mkdir_p='mkdir -p --'
oldincludedir='/usr/include'
prefix='/home/dslpl3/zhangzhihua/svn/RTL8676/RTL8676xx/build/tmpdist'
program_transform_name='s,x,x,'
sbindir='${exec_prefix}/sbin'
sharedstatedir='${prefix}/com'
sysconfdir='${prefix}/etc'
target_alias=''

## ----------- ##
## confdefs.h. ##
## ----------- ##

#define HAVE_ARPA_INET_H 1
#define HAVE_DLFCN_H 1
#define HAVE_FCNTL_H 1
#define HAVE_FORK 1
#define HAVE_GETHOSTBYNAME 1
#define HAVE_GETLINE 1
#define HAVE_GETTIMEOFDAY 1
#define HAVE_INET_NTOA 1
#define HAVE_INTTYPES_H 1
#define HAVE_MEMORY_H 1
#define HAVE_MEMSET 1
#define HAVE_NETDB_H 1
#define HAVE_NETINET_IN_H 1
#define HAVE_NET_IF_H 1
#define HAVE_NET_ROUTE_H 1
#define HAVE_SELECT 1
#define HAVE_SOCKET 1
#define HAVE_STDINT_H 1
#define HAVE_STDINT_H 1
#define HAVE_STDLIB_H 1
#define HAVE_STDLIB_H 1
#define HAVE_STRDUP 1
#define HAVE_STRERROR 1
#define HAVE_STRINGS_H 1
#define HAVE_STRING_H 1
#define HAVE_STRING_H 1
#define HAVE_STRSTR 1
#define HAVE_STRTOL 1
#define HAVE_SYSLOG_H 1
#define HAVE_SYS_IOCTL_H 1
#define HAVE_SYS_SELECT_H 1
#define HAVE_SYS_SOCKET_H 1
#define HAVE_SYS_SOCKET_H 1
#define HAVE_SYS_STAT_H 1
#define HAVE_SYS_TIME_H 1
#define HAVE_SYS_TYPES_H 1
#define HAVE_UNISTD_H 1
#define HAVE_UNISTD_H 1
#define HAVE_UNISTD_H 1
#define HAVE_VFORK 1
#define HAVE_WORKING_FORK 1
#define HAVE_WORKING_VFORK 1
#define PACKAGE "chillispot"
#define PACKAGE_BUGREPORT "support@coova.org"
#define PACKAGE_NAME "chillispot"
#define PACKAGE_STRING "chillispot 1.0-coova.4"
#define PACKAGE_TARNAME "chillispot"
#define PACKAGE_VERSION "1.0-coova.4"
#define SELECT_TYPE_ARG1 int
#define SELECT_TYPE_ARG234 (fd_set *)
#define SELECT_TYPE_ARG5 (struct timeval *)
#define STDC_HEADERS 1
#define STDC_HEADERS 1
#define TIME_WITH_SYS_TIME 1
#define VERSION "1.0-coova.4"
#endif
#ifdef __cplusplus
extern "C" void exit (int) throw ();

configure: exit 0
