This file contains any messages produced by compilers while
running configure, to aid debugging if configure makes a mistake.

It was created by DSL CPE API driver configure 3.3.3, which was
generated by GNU Autoconf 2.59.  Invocation command line was

  $ ./configure ROOTDIR=/home/ouyangdi/TBS_R2/TBS-R2/trunk ARCH=mips CROSS_COMPILE=mipseb-linux-uclibc- --host=mips-linux-uclibc --enable-kernel-include=/home/ouyangdi/TBS_R2/TBS-R2/trunk/build/kernel/linux-2.6.18.8/include --enable-driver-include=-I/home/ouyangdi/TBS_R2/TBS-R2/trunk/build/kernel/linux-2.6.18.8/include/asm-mips/amazon_se --enable-kernel-build= --build=i386-linux --enable-add-drv-cflags=-DMODVERSIONS -O2 -G 0 -mno-abicalls -mlong-calls -fno-pic  -finline-limit=100000 -mabi=32 -march=mips32r2 -Wa,-32 -Wa,-march=mips32r2  -Wa,-mips32r2 -Wa,--trap --enable-amazon-se --with-channels-per-line=1 --with-adsl-data-led-flash-frequency=4 --enable-debug --enable-linux-26 --enable-debug-prints=yes --enable-adsl-led --enable-dsl-pm --enable-dsl-pm-total --enable-dsl-pm-history --enable-dsl-pm-showtime --enable-dsl-pm-line-counters --enable-dsl-pm-channel-counters --enable-dsl-pm-datapath-counters build_alias=i386-linux host_alias=mips-linux-uclibc

## --------- ##
## Platform. ##
## --------- ##

hostname = wireless.gj.com
uname -m = i686
uname -r = 2.6.18-8.el5xen
uname -s = Linux
uname -v = #1 SMP Fri Jan 26 14:42:21 EST 2007

/usr/bin/uname -p = unknown
/bin/uname -X     = unknown

/bin/arch              = i686
/usr/bin/arch -k       = unknown
/usr/convex/getsysinfo = unknown
hostinfo               = unknown
/bin/machine           = unknown
/usr/bin/oslevel       = unknown
/bin/universe          = unknown

PATH: /opt/tbs_toolchains/mipseb/bin/
PATH: /usr/lib/qt-3.3/bin
PATH: /usr/kerberos/bin
PATH: /usr/local/bin
PATH: /bin
PATH: /usr/bin
PATH: /home/ouyangdi/bin
PATH: /home/ouyangdi/INFINEON_DSL/INFINEON_DSL/crossc/mips.eb/bin
PATH: /home/ouyangdi/TBS_R2/TBS-R2/trunk/tools
PATH: /opt/tbs_toolchains/mipseb/bin/
PATH: /home/ouyangdi/TBS_R2/TBS-R2/trunk/tools
PATH: /opt/tbs_toolchains/mipseb/bin/
PATH: /home/ouyangdi/TBS_R2/TBS-R2/trunk/tools
PATH: /opt/tbs_toolchains/mipseb/bin/
PATH: /home/ouyangdi/TBS_R2/TBS-R2/trunk/tools
PATH: /opt/tbs_toolchains/mipseb/bin/


## ----------- ##
## Core tests. ##
## ----------- ##

configure:1356: checking for a BSD-compatible install
configure:1411: result: /usr/bin/install -c
configure:1422: checking whether build environment is sane
configure:1465: result: yes
configure:1530: checking for gawk
configure:1556: result: awk
configure:1566: checking whether make sets $(MAKE)
configure:1586: result: yes
configure:1662: checking for mips-linux-uclibc-strip
configure:1688: result: mipseb-linux-uclibc-strip
configure:1772: checking for mips-linux-uclibc-gcc
configure:1798: result: mipseb-linux-uclibc-gcc
configure:2080: checking for C compiler version
configure:2083: mipseb-linux-uclibc-gcc --version </dev/null >&5
mipseb-linux-uclibc-gcc (GCC) 3.4.6
Copyright (C) 2006 Free Software Foundation, Inc.
This is free software; see the source for copying conditions.  There is NO
warranty; not even for MERCHANTABILITY or FITNESS FOR A PARTICULAR PURPOSE.

configure:2086: $? = 0
configure:2088: mipseb-linux-uclibc-gcc -v </dev/null >&5
Reading specs from /opt/tbs_toolchains/mipseb/lib/gcc/mipseb-linux-uclibc/3.4.6/specs
Configured with: /home/tbs/TBS-R2/toolchains/source/src/gcc-3.4.6/configure --target=mipseb-linux-uclibc --with-gnu-as --with-gnu-ld --prefix=/opt/tbs_toolchains/mipseb --mandir=/opt/tbs_toolchains/mipseb/share/man --infodir=/opt/tbs_toolchains/mipseb/share/info --disable-nls --enable-shared --enable-languages=c,c++ --enable-threads=posix --enable-multilib --enable-__cxa_atexit --enable-clocale=uclibc --disable-c-mbchar --enable-version-specific-runtime-libs --with-dwarf2 --with-local-prefix=/opt/tbs_toolchains/mipseb/mipseb-linux-uclibc/sys-root --with-sysroot=/opt/tbs_toolchains/mipseb/mipseb-linux-uclibc/sys-root --with-float=soft
Thread model: posix
gcc version 3.4.6
configure:2091: $? = 0
configure:2093: mipseb-linux-uclibc-gcc -V </dev/null >&5
mipseb-linux-uclibc-gcc: `-V' option must have argument
configure:2096: $? = 1
configure:2119: checking for C compiler default output file name
configure:2122: mipseb-linux-uclibc-gcc    conftest.c  >&5
configure:2125: $? = 0
configure:2171: result: a.out
configure:2176: checking whether the C compiler works
configure:2202: result: yes
configure:2209: checking whether we are cross compiling
configure:2211: result: yes
configure:2214: checking for suffix of executables
configure:2216: mipseb-linux-uclibc-gcc -o conftest    conftest.c  >&5
configure:2219: $? = 0
configure:2244: result: 
configure:2250: checking for suffix of object files
configure:2271: mipseb-linux-uclibc-gcc -c   conftest.c >&5
configure:2274: $? = 0
configure:2296: result: o
configure:2300: checking whether we are using the GNU C compiler
configure:2324: mipseb-linux-uclibc-gcc -c   conftest.c >&5
configure:2330: $? = 0
configure:2334: test -z 
			 || test ! -s conftest.err
configure:2337: $? = 0
configure:2340: test -s conftest.o
configure:2343: $? = 0
configure:2356: result: yes
configure:2362: checking whether mipseb-linux-uclibc-gcc accepts -g
configure:2383: mipseb-linux-uclibc-gcc -c -g  conftest.c >&5
configure:2389: $? = 0
configure:2393: test -z 
			 || test ! -s conftest.err
configure:2396: $? = 0
configure:2399: test -s conftest.o
configure:2402: $? = 0
configure:2413: result: yes
configure:2430: checking for mipseb-linux-uclibc-gcc option to accept ANSI C
configure:2500: mipseb-linux-uclibc-gcc  -c -g -O2  conftest.c >&5
configure:2506: $? = 0
configure:2510: test -z 
			 || test ! -s conftest.err
configure:2513: $? = 0
configure:2516: test -s conftest.o
configure:2519: $? = 0
configure:2537: result: none needed
configure:2555: mipseb-linux-uclibc-gcc -c -g -O2  conftest.c >&5
conftest.c:2: error: syntax error before "me"
configure:2561: $? = 1
configure: failed program was:
| #ifndef __cplusplus
|   choke me
| #endif
configure:2705: checking for style of include used by make
configure:2733: result: GNU
configure:2761: checking dependency style of mipseb-linux-uclibc-gcc
configure:2851: result: gcc3
configure:2871: checking for mips-linux-uclibc-ranlib
configure:2897: result: mipseb-linux-uclibc-ranlib
configure:4464: creating ./config.status

## ---------------------- ##
## Running config.status. ##
## ---------------------- ##

This file was extended by DSL CPE API driver config.status 3.3.3, which was
generated by GNU Autoconf 2.59.  Invocation command line was

  CONFIG_FILES    = 
  CONFIG_HEADERS  = 
  CONFIG_LINKS    = 
  CONFIG_COMMANDS = 
  $ ./config.status 

on wireless.gj.com

config.status:761: creating Makefile
config.status:761: creating src/Makefile
config.status:865: creating src/include/drv_dsl_cpe_api_config.h
config.status:973: src/include/drv_dsl_cpe_api_config.h is unchanged
config.status:1153: executing depfiles commands

## ---------------- ##
## Cache variables. ##
## ---------------- ##

ac_cv_c_compiler_gnu=yes
ac_cv_env_CC_set=set
ac_cv_env_CC_value=mipseb-linux-uclibc-gcc
ac_cv_env_CFLAGS_set=
ac_cv_env_CFLAGS_value=
ac_cv_env_CPPFLAGS_set=
ac_cv_env_CPPFLAGS_value=
ac_cv_env_LDFLAGS_set=
ac_cv_env_LDFLAGS_value=
ac_cv_env_build_alias_set=set
ac_cv_env_build_alias_value=i386-linux
ac_cv_env_host_alias_set=set
ac_cv_env_host_alias_value=mips-linux-uclibc
ac_cv_env_target_alias_set=
ac_cv_env_target_alias_value=
ac_cv_exeext=
ac_cv_objext=o
ac_cv_path_install='/usr/bin/install -c'
ac_cv_prog_AWK=awk
ac_cv_prog_CC=mipseb-linux-uclibc-gcc
ac_cv_prog_RANLIB=mipseb-linux-uclibc-ranlib
ac_cv_prog_STRIP=mipseb-linux-uclibc-strip
ac_cv_prog_cc_g=yes
ac_cv_prog_cc_stdc=
ac_cv_prog_make_make_set=yes
am_cv_CC_dependencies_compiler_type=gcc3

## ----------------- ##
## Output variables. ##
## ----------------- ##

ACLOCAL='${SHELL} /home/ouyangdi/TBS_R2/TBS-R2/trunk/build.INFINEON_GAW7.5Z18D-5/driver/dsl/infineon/drv_dsl_cpe_api/missing --run aclocal-1.9'
ADD_DRV_CFLAGS='-DMODVERSIONS -O2 -G 0 -mno-abicalls -mlong-calls -fno-pic  -finline-limit=100000 -mabi=32 -march=mips32r2 -Wa,-32 -Wa,-march=mips32r2  -Wa,-mips32r2 -Wa,--trap'
ADD_DRV_CFLAGS_SET_FALSE='#'
ADD_DRV_CFLAGS_SET_TRUE=''
AMDEPBACKSLASH='\'
AMDEP_FALSE='#'
AMDEP_TRUE=''
AMTAR='${SHELL} /home/ouyangdi/TBS_R2/TBS-R2/trunk/build.INFINEON_GAW7.5Z18D-5/driver/dsl/infineon/drv_dsl_cpe_api/missing --run tar'
AUTOCONF='${SHELL} /home/ouyangdi/TBS_R2/TBS-R2/trunk/build.INFINEON_GAW7.5Z18D-5/driver/dsl/infineon/drv_dsl_cpe_api/missing --run autoconf'
AUTOHEADER='${SHELL} /home/ouyangdi/TBS_R2/TBS-R2/trunk/build.INFINEON_GAW7.5Z18D-5/driver/dsl/infineon/drv_dsl_cpe_api/missing --run autoheader'
AUTOMAKE='${SHELL} /home/ouyangdi/TBS_R2/TBS-R2/trunk/build.INFINEON_GAW7.5Z18D-5/driver/dsl/infineon/drv_dsl_cpe_api/missing --run automake-1.9'
AWK='awk'
CC='mipseb-linux-uclibc-gcc'
CCDEPMODE='depmode=gcc3'
CFLAGS='-g -O2 -O1 -g0'
CONFIGURE_OPTIONS=''ROOTDIR=/home/ouyangdi/TBS_R2/TBS-R2/trunk' 'ARCH=mips' 'CROSS_COMPILE=mipseb-linux-uclibc-' '--host=mips-linux-uclibc' '--enable-kernel-include=/home/ouyangdi/TBS_R2/TBS-R2/trunk/build/kernel/linux-2.6.18.8/include' '--enable-driver-include=-I/home/ouyangdi/TBS_R2/TBS-R2/trunk/build/kernel/linux-2.6.18.8/include/asm-mips/amazon_se' '--enable-kernel-build=' '--build=i386-linux' '--enable-add-drv-cflags=-DMODVERSIONS -O2 -G 0 -mno-abicalls -mlong-calls -fno-pic  -finline-limit=100000 -mabi=32 -march=mips32r2 -Wa,-32 -Wa,-march=mips32r2  -Wa,-mips32r2 -Wa,--trap' '--enable-amazon-se' '--with-channels-per-line=1' '--with-adsl-data-led-flash-frequency=4' '--enable-debug' '--enable-linux-26' '--enable-debug-prints=yes' '--enable-adsl-led' '--enable-dsl-pm' '--enable-dsl-pm-total' '--enable-dsl-pm-history' '--enable-dsl-pm-showtime' '--enable-dsl-pm-line-counters' '--enable-dsl-pm-channel-counters' '--enable-dsl-pm-datapath-counters' 'build_alias=i386-linux' 'host_alias=mips-linux-uclibc' 'CC=mipseb-linux-uclibc-gcc''
CPPFLAGS=''
CROSS_COMPILE='mipseb-linux-uclibc-'
CYGPATH_W='echo'
DEFS='-DHAVE_CONFIG_H'
DEPDIR='.deps'
DISTCHECK_CONFIGURE_PARAMS=''ROOTDIR=/home/ouyangdi/TBS_R2/TBS-R2/trunk' 'ARCH=mips' 'CROSS_COMPILE=mipseb-linux-uclibc-' '--host=mips-linux-uclibc' '--enable-kernel-include=/home/ouyangdi/TBS_R2/TBS-R2/trunk/build/kernel/linux-2.6.18.8/include' '--enable-driver-include=-I/home/ouyangdi/TBS_R2/TBS-R2/trunk/build/kernel/linux-2.6.18.8/include/asm-mips/amazon_se' '--enable-kernel-build=' '--build=i386-linux' '--enable-add-drv-cflags=-DMODVERSIONS -O2 -G 0 -mno-abicalls -mlong-calls -fno-pic  -finline-limit=100000 -mabi=32 -march=mips32r2 -Wa,-32 -Wa,-march=mips32r2  -Wa,-mips32r2 -Wa,--trap' '--enable-amazon-se' '--with-channels-per-line=1' '--with-adsl-data-led-flash-frequency=4' '--enable-debug' '--enable-linux-26' '--enable-debug-prints=yes' '--enable-adsl-led' '--enable-dsl-pm' '--enable-dsl-pm-total' '--enable-dsl-pm-history' '--enable-dsl-pm-showtime' '--enable-dsl-pm-line-counters' '--enable-dsl-pm-channel-counters' '--enable-dsl-pm-datapath-counters' 'build_alias=i386-linux' 'host_alias=mips-linux-uclibc' 'CC=mipseb-linux-uclibc-gcc''
DSL_CHANNELS_PER_LINE='1'
DSL_CPE_STATIC_DELT_DATA='no'
DSL_CPE_STATIC_DELT_DATA_FALSE=''
DSL_CPE_STATIC_DELT_DATA_TRUE='#'
DSL_DATA_LED_FLASH_FREQUENCY='4'
DSL_DEBUG_DISABLE='no'
DSL_DEVICE_NAME='Amazon_se'
DSL_DRIVER_INCL_PATH='-I/home/ouyangdi/TBS_R2/TBS-R2/trunk/build/kernel/linux-2.6.18.8/include/asm-mips/amazon_se'
ECHO_C=''
ECHO_N='-n'
ECHO_T=''
EXEEXT=''
INCLUDE_ADSL_LED='yes'
INCLUDE_ADSL_LED_FALSE='#'
INCLUDE_ADSL_LED_TRUE=''
INCLUDE_DSL_ADSL_MIB='no'
INCLUDE_DSL_ADSL_MIB_FALSE=''
INCLUDE_DSL_ADSL_MIB_TRUE='#'
INCLUDE_DSL_CEOC='no'
INCLUDE_DSL_CEOC_FALSE=''
INCLUDE_DSL_CEOC_TRUE='#'
INCLUDE_DSL_CPE_API_AMAZON_SE_FALSE='#'
INCLUDE_DSL_CPE_API_AMAZON_SE_TRUE=''
INCLUDE_DSL_CPE_API_DANUBE_FALSE=''
INCLUDE_DSL_CPE_API_DANUBE_TRUE='#'
INCLUDE_DSL_CPE_API_VINAX_FALSE=''
INCLUDE_DSL_CPE_API_VINAX_TRUE='#'
INCLUDE_DSL_CPE_PM_CHANNEL_COUNTERS='yes'
INCLUDE_DSL_CPE_PM_CHANNEL_COUNTERS_FALSE='#'
INCLUDE_DSL_CPE_PM_CHANNEL_COUNTERS_TRUE=''
INCLUDE_DSL_CPE_PM_CHANNEL_THRESHOLDS='no'
INCLUDE_DSL_CPE_PM_CHANNEL_THRESHOLDS_FALSE=''
INCLUDE_DSL_CPE_PM_CHANNEL_THRESHOLDS_TRUE='#'
INCLUDE_DSL_CPE_PM_DATA_PATH_COUNTERS='yes'
INCLUDE_DSL_CPE_PM_DATA_PATH_COUNTERS_FALSE='#'
INCLUDE_DSL_CPE_PM_DATA_PATH_COUNTERS_TRUE=''
INCLUDE_DSL_CPE_PM_DATA_PATH_THRESHOLDS='no'
INCLUDE_DSL_CPE_PM_DATA_PATH_THRESHOLDS_FALSE=''
INCLUDE_DSL_CPE_PM_DATA_PATH_THRESHOLDS_TRUE='#'
INCLUDE_DSL_CPE_PM_HISTORY='yes'
INCLUDE_DSL_CPE_PM_HISTORY_FALSE='#'
INCLUDE_DSL_CPE_PM_HISTORY_TRUE=''
INCLUDE_DSL_CPE_PM_LINE_COUNTERS='yes'
INCLUDE_DSL_CPE_PM_LINE_COUNTERS_FALSE='#'
INCLUDE_DSL_CPE_PM_LINE_COUNTERS_TRUE=''
INCLUDE_DSL_CPE_PM_LINE_THRESHOLDS='no'
INCLUDE_DSL_CPE_PM_LINE_THRESHOLDS_FALSE=''
INCLUDE_DSL_CPE_PM_LINE_THRESHOLDS_TRUE='#'
INCLUDE_DSL_CPE_PM_OPTIONAL_PARAMETERS='no'
INCLUDE_DSL_CPE_PM_OPTIONAL_PARAMETERS_FALSE=''
INCLUDE_DSL_CPE_PM_OPTIONAL_PARAMETERS_TRUE='#'
INCLUDE_DSL_CPE_PM_SHOWTIME_COUNTERS='yes'
INCLUDE_DSL_CPE_PM_SHOWTIME_COUNTERS_FALSE='#'
INCLUDE_DSL_CPE_PM_SHOWTIME_COUNTERS_TRUE=''
INCLUDE_DSL_CPE_PM_TOTAL_COUNTERS='yes'
INCLUDE_DSL_CPE_PM_TOTAL_COUNTERS_FALSE='#'
INCLUDE_DSL_CPE_PM_TOTAL_COUNTERS_TRUE=''
INCLUDE_DSL_CPE_TRACE_BUFFER='no'
INCLUDE_DSL_CPE_TRACE_BUFFER_FALSE=''
INCLUDE_DSL_CPE_TRACE_BUFFER_TRUE='#'
INCLUDE_DSL_PM='yes'
INCLUDE_DSL_PM_FALSE='#'
INCLUDE_DSL_PM_TRUE=''
INSTALL_DATA='${INSTALL} -m 644'
INSTALL_PROGRAM='${INSTALL}'
INSTALL_SCRIPT='${INSTALL}'
INSTALL_STRIP_PROGRAM='${SHELL} $(install_sh) -c -s'
KERNEL_2_6_FALSE='#'
KERNEL_2_6_TRUE=''
KERNEL_ARCH='mips'
KERNEL_BUILD_PATH='/home/ouyangdi/TBS_R2/TBS-R2/trunk/build/kernel/linux-2.6.18.8/include/..'
KERNEL_INCL_PATH='/home/ouyangdi/TBS_R2/TBS-R2/trunk/build/kernel/linux-2.6.18.8/include'
LDFLAGS=''
LIBOBJS=''
LIBS=''
LTLIBOBJS=''
MAKEINFO='${SHELL} /home/ouyangdi/TBS_R2/TBS-R2/trunk/build.INFINEON_GAW7.5Z18D-5/driver/dsl/infineon/drv_dsl_cpe_api/missing --run makeinfo'
OBJEXT='o'
PACKAGE='drv_dsl_cpe_api'
PACKAGE_BUGREPORT=''
PACKAGE_NAME='DSL CPE API driver'
PACKAGE_STRING='DSL CPE API driver 3.3.3'
PACKAGE_TARNAME='drv_dsl_cpe_api'
PACKAGE_VERSION='3.3.3'
PATH_SEPARATOR=':'
RANLIB='mipseb-linux-uclibc-ranlib'
ROOTDIR='/home/ouyangdi/TBS_R2/TBS-R2/trunk'
SET_MAKE=''
SHELL='/bin/sh'
STRIP='mipseb-linux-uclibc-strip'
VERSION='3.3.3'
ac_ct_CC=''
ac_ct_RANLIB=''
ac_ct_STRIP=''
am__fastdepCC_FALSE='#'
am__fastdepCC_TRUE=''
am__include='include'
am__leading_dot='.'
am__quote=''
am__tar='${AMTAR} chof - "$$tardir"'
am__untar='${AMTAR} xf -'
bindir='${exec_prefix}/bin'
build_alias='i386-linux'
datadir='${prefix}/share'
exec_prefix='${prefix}'
host_alias='mips-linux-uclibc'
includedir='${prefix}/include'
infodir='${prefix}/info'
install_sh='/home/ouyangdi/TBS_R2/TBS-R2/trunk/build.INFINEON_GAW7.5Z18D-5/driver/dsl/infineon/drv_dsl_cpe_api/install-sh'
libdir='${exec_prefix}/lib'
libexecdir='${exec_prefix}/libexec'
localstatedir='${prefix}/var'
mandir='${prefix}/man'
mkdir_p='mkdir -p --'
oldincludedir='/usr/include'
prefix='/usr/local'
program_transform_name='s,x,x,'
sbindir='${exec_prefix}/sbin'
sharedstatedir='${prefix}/com'
sysconfdir='${prefix}/etc'
target_alias=''

## ----------- ##
## confdefs.h. ##
## ----------- ##

#define DSL_CHANNELS_PER_LINE 1
#define DSL_DATA_LED_FLASH_FREQUENCY 4
#define INCLUDE_ADSL_LED
#define INCLUDE_DSL_CPE_API_AMAZON_SE
#define INCLUDE_DSL_CPE_PM_CHANNEL_COUNTERS
#define INCLUDE_DSL_CPE_PM_DATA_PATH_COUNTERS
#define INCLUDE_DSL_CPE_PM_HISTORY
#define INCLUDE_DSL_CPE_PM_LINE_COUNTERS
#define INCLUDE_DSL_CPE_PM_SHOWTIME_COUNTERS
#define INCLUDE_DSL_CPE_PM_TOTAL_COUNTERS
#define INCLUDE_DSL_PM
#define PACKAGE "drv_dsl_cpe_api"
#define PACKAGE_BUGREPORT ""
#define PACKAGE_NAME "DSL CPE API driver"
#define PACKAGE_STRING "DSL CPE API driver 3.3.3"
#define PACKAGE_TARNAME "drv_dsl_cpe_api"
#define PACKAGE_VERSION "3.3.3"
#define VERSION "3.3.3"

configure: exit 0

## ---------------------- ##
## Running config.status. ##
## ---------------------- ##

This file was extended by DSL CPE API driver config.status 3.3.3, which was
generated by GNU Autoconf 2.59.  Invocation command line was

  CONFIG_FILES    = 
  CONFIG_HEADERS  = 
  CONFIG_LINKS    = 
  CONFIG_COMMANDS = 
  $ ./config.status Makefile

on wireless.gj.com

config.status:761: creating Makefile

## ---------------------- ##
## Running config.status. ##
## ---------------------- ##

This file was extended by DSL CPE API driver config.status 3.3.3, which was
generated by GNU Autoconf 2.59.  Invocation command line was

  CONFIG_FILES    = 
  CONFIG_HEADERS  = 
  CONFIG_LINKS    = 
  CONFIG_COMMANDS = 
  $ ./config.status src/Makefile depfiles

on wireless.gj.com

config.status:761: creating src/Makefile
config.status:1153: executing depfiles commands
