This file contains any messages produced by compilers while
running configure, to aid debugging if configure makes a mistake.

It was created by chillispot configure 1.1.0, which was
generated by GNU Autoconf 2.63.  Invocation command line was

  $ ./configure --prefix=/home/dslpl3/zhangzhihua/svn/RTL8676/RTL8676xx/build/tmpdist --host=mips-linux --enable-static-exec

## --------- ##
## Platform. ##
## --------- ##

hostname = soft
uname -m = i686
uname -r = 2.6.18-8.el5xen
uname -s = Linux
uname -v = #1 SMP Fri Jan 26 14:42:21 EST 2007

/usr/bin/uname -p = unknown
/bin/uname -X     = unknown

/bin/arch              = i686
/usr/bin/arch -k       = unknown
/usr/convex/getsysinfo = unknown
/usr/bin/hostinfo      = unknown
/bin/machine           = unknown
/usr/bin/oslevel       = unknown
/bin/universe          = unknown

PATH: /usr/kerberos/bin
PATH: /usr/local/bin
PATH: /bin
PATH: /usr/bin
PATH: /usr/local/jungo/bin
PATH: /home/dslpl3/zhangzhihua/bin
PATH: /home/dslpl3/zhangzhihua/svn/RTL8676/RTL8676xx/tools
PATH: /opt/tbs_toolchains/realtek/rsdk-1.5.6-5281-EB-2.6.30-0.9.30.3-110915/bin
PATH: /home/dslpl3/zhangzhihua/svn/RTL8676/RTL8676xx/tools
PATH: /opt/tbs_toolchains/realtek/rsdk-1.5.6-5281-EB-2.6.30-0.9.30.3-110915/bin
PATH: /home/dslpl3/zhangzhihua/svn/RTL8676/RTL8676xx/tools
PATH: /opt/tbs_toolchains/realtek/rsdk-1.5.6-5281-EB-2.6.30-0.9.30.3-110915/bin
PATH: /home/dslpl3/zhangzhihua/svn/RTL8676/RTL8676xx/tools
PATH: /opt/tbs_toolchains/realtek/rsdk-1.5.6-5281-EB-2.6.30-0.9.30.3-110915/bin


## ----------- ##
## Core tests. ##
## ----------- ##

configure:2080: checking for a BSD-compatible install
configure:2148: result: /usr/bin/install -c
configure:2159: checking whether build environment is sane
configure:2202: result: yes
configure:2264: checking for gawk
configure:2291: result: awk
configure:2302: checking whether make sets $(MAKE)
configure:2324: result: yes
configure:2400: checking for mips-linux-strip
configure:2427: result: rsdk-linux-strip
configure:2517: checking for mips-linux-gcc
configure:2544: result: rsdk-linux-gcc
configure:2816: checking for C compiler version
configure:2824: rsdk-linux-gcc --version >&5
mips-linux-xgcc (Realtek RSDK-1.5.6p2) 4.4.6
Copyright (C) 2010 Free Software Foundation, Inc.
This is free software; see the source for copying conditions.  There is NO
warranty; not even for MERCHANTABILITY or FITNESS FOR A PARTICULAR PURPOSE.

configure:2828: $? = 0
configure:2835: rsdk-linux-gcc -v >&5
Using built-in specs.
Target: mips-linux
Configured with: RSDK Builder release 1.5
Thread model: posix
gcc version 4.4.6 (Realtek RSDK-1.5.6p2) 
configure:2839: $? = 0
configure:2846: rsdk-linux-gcc -V >&5
mips-linux-xgcc: '-V' must come at the start of the command line
configure:2850: $? = 1
configure:2873: checking for C compiler default output file name
configure:2895: rsdk-linux-gcc    conftest.c  >&5
configure:2899: $? = 0
configure:2937: result: a.out
configure:2956: checking whether the C compiler works
configure:2966: ./a.out
./configure: line 2968: ./a.out: cannot execute binary file
configure:2970: $? = 126
configure:2989: result: yes
configure:2996: checking whether we are cross compiling
configure:2998: result: yes
configure:3001: checking for suffix of executables
configure:3008: rsdk-linux-gcc -o conftest    conftest.c  >&5
configure:3012: $? = 0
configure:3038: result: 
configure:3044: checking for suffix of object files
configure:3070: rsdk-linux-gcc -c   conftest.c >&5
configure:3074: $? = 0
configure:3099: result: o
configure:3103: checking whether we are using the GNU C compiler
configure:3132: rsdk-linux-gcc -c   conftest.c >&5
configure:3139: $? = 0
configure:3156: result: yes
configure:3165: checking whether rsdk-linux-gcc accepts -g
configure:3195: rsdk-linux-gcc -c -g  conftest.c >&5
configure:3202: $? = 0
configure:3303: result: yes
configure:3320: checking for rsdk-linux-gcc option to accept ISO C89
configure:3394: rsdk-linux-gcc  -c -g -O2  conftest.c >&5
configure:3401: $? = 0
configure:3424: result: none needed
configure:3453: checking for style of include used by make
configure:3481: result: GNU
configure:3509: checking dependency style of rsdk-linux-gcc
configure:3599: result: gcc3
configure:3696: checking build system type
configure:3714: result: i686-pc-linux-gnu
configure:3736: checking host system type
configure:3751: result: mips-unknown-linux-gnu
configure:3773: checking for a sed that does not truncate output
configure:3827: result: /bin/sed
configure:3830: checking for grep that handles long lines and -e
configure:3890: result: /bin/grep
configure:3895: checking for egrep
configure:3959: result: /bin/grep -E
configure:3975: checking for ld used by rsdk-linux-gcc
configure:4042: result: rsdk-linux-ld
configure:4051: checking if the linker (rsdk-linux-ld) is GNU ld
configure:4066: result: yes
configure:4071: checking for rsdk-linux-ld option to reload object files
configure:4078: result: -r
configure:4096: checking for BSD-compatible nm
configure:4138: result: rsdk-linux-nm
configure:4142: checking whether ln -s works
configure:4146: result: yes
configure:4153: checking how to recognise dependent libraries
configure:4325: result: pass_all
configure:4540: checking how to run the C preprocessor
configure:4658: result: rsdk-linux-gcc -E
configure:4687: rsdk-linux-gcc -E  conftest.c
configure:4694: $? = 0
configure:4725: rsdk-linux-gcc -E  conftest.c
conftest.c:10:28: error: ac_nonexistent.h: No such file or directory
configure:4732: $? = 1
configure: failed program was:
| /* confdefs.h.  */
| #define PACKAGE_NAME "chillispot"
| #define PACKAGE_TARNAME "chillispot"
| #define PACKAGE_VERSION "1.1.0"
| #define PACKAGE_STRING "chillispot 1.1.0"
| #define PACKAGE_BUGREPORT "bugs@chillispot.org"
| #define PACKAGE "chillispot"
| #define VERSION "1.1.0"
| /* end confdefs.h.  */
| #include <ac_nonexistent.h>
configure:4772: checking for ANSI C header files
configure:4802: rsdk-linux-gcc -c -g -O2  conftest.c >&5
configure:4809: $? = 0
configure:4940: result: yes
configure:4964: checking for sys/types.h
configure:4985: rsdk-linux-gcc -c -g -O2  conftest.c >&5
configure:4992: $? = 0
configure:5009: result: yes
configure:4964: checking for sys/stat.h
configure:4985: rsdk-linux-gcc -c -g -O2  conftest.c >&5
configure:4992: $? = 0
configure:5009: result: yes
configure:4964: checking for stdlib.h
configure:4985: rsdk-linux-gcc -c -g -O2  conftest.c >&5
configure:4992: $? = 0
configure:5009: result: yes
configure:4964: checking for string.h
configure:4985: rsdk-linux-gcc -c -g -O2  conftest.c >&5
configure:4992: $? = 0
configure:5009: result: yes
configure:4964: checking for memory.h
configure:4985: rsdk-linux-gcc -c -g -O2  conftest.c >&5
configure:4992: $? = 0
configure:5009: result: yes
configure:4964: checking for strings.h
configure:4985: rsdk-linux-gcc -c -g -O2  conftest.c >&5
configure:4992: $? = 0
configure:5009: result: yes
configure:4964: checking for inttypes.h
configure:4985: rsdk-linux-gcc -c -g -O2  conftest.c >&5
configure:4992: $? = 0
configure:5009: result: yes
configure:4964: checking for stdint.h
configure:4985: rsdk-linux-gcc -c -g -O2  conftest.c >&5
configure:4992: $? = 0
configure:5009: result: yes
configure:4964: checking for unistd.h
configure:4985: rsdk-linux-gcc -c -g -O2  conftest.c >&5
configure:4992: $? = 0
configure:5009: result: yes
configure:5039: checking dlfcn.h usability
configure:5056: rsdk-linux-gcc -c -g -O2  conftest.c >&5
configure:5063: $? = 0
configure:5077: result: yes
configure:5081: checking dlfcn.h presence
configure:5096: rsdk-linux-gcc -E  conftest.c
configure:5103: $? = 0
configure:5117: result: yes
configure:5150: checking for dlfcn.h
configure:5159: result: yes
configure:5188: checking for mips-linux-g++
configure:5204: found /opt/tbs_toolchains/realtek/rsdk-1.5.6-5281-EB-2.6.30-0.9.30.3-110915/bin/mips-linux-g++
configure:5215: result: mips-linux-g++
configure:5286: checking for C++ compiler version
configure:5294: mips-linux-g++ --version >&5
mips-linux-xg++ (Realtek RSDK-1.5.6p2) 4.4.6
Copyright (C) 2010 Free Software Foundation, Inc.
This is free software; see the source for copying conditions.  There is NO
warranty; not even for MERCHANTABILITY or FITNESS FOR A PARTICULAR PURPOSE.

configure:5298: $? = 0
configure:5305: mips-linux-g++ -v >&5
Using built-in specs.
Target: mips-linux
Configured with: RSDK Builder release 1.5
Thread model: posix
gcc version 4.4.6 (Realtek RSDK-1.5.6p2) 
configure:5309: $? = 0
configure:5316: mips-linux-g++ -V >&5
mips-linux-xg++: argument to '-V' missing

configure:5320: $? = 1
configure:5323: checking whether we are using the GNU C++ compiler
configure:5352: mips-linux-g++ -c   conftest.cpp >&5
configure:5359: $? = 0
configure:5376: result: yes
configure:5385: checking whether mips-linux-g++ accepts -g
configure:5415: mips-linux-g++ -c -g  conftest.cpp >&5
configure:5422: $? = 0
configure:5523: result: yes
configure:5548: checking dependency style of mips-linux-g++
configure:5638: result: gcc3
configure:5665: checking how to run the C++ preprocessor
configure:5701: mips-linux-g++ -E  conftest.cpp
configure:5708: $? = 0
configure:5739: mips-linux-g++ -E  conftest.cpp
conftest.cpp:21:28: error: ac_nonexistent.h: No such file or directory
configure:5746: $? = 1
configure: failed program was:
| /* confdefs.h.  */
| #define PACKAGE_NAME "chillispot"
| #define PACKAGE_TARNAME "chillispot"
| #define PACKAGE_VERSION "1.1.0"
| #define PACKAGE_STRING "chillispot 1.1.0"
| #define PACKAGE_BUGREPORT "bugs@chillispot.org"
| #define PACKAGE "chillispot"
| #define VERSION "1.1.0"
| #define STDC_HEADERS 1
| #define HAVE_SYS_TYPES_H 1
| #define HAVE_SYS_STAT_H 1
| #define HAVE_STDLIB_H 1
| #define HAVE_STRING_H 1
| #define HAVE_MEMORY_H 1
| #define HAVE_STRINGS_H 1
| #define HAVE_INTTYPES_H 1
| #define HAVE_STDINT_H 1
| #define HAVE_UNISTD_H 1
| #define HAVE_DLFCN_H 1
| /* end confdefs.h.  */
| #include <ac_nonexistent.h>
configure:5779: result: mips-linux-g++ -E
configure:5808: mips-linux-g++ -E  conftest.cpp
configure:5815: $? = 0
configure:5846: mips-linux-g++ -E  conftest.cpp
conftest.cpp:21:28: error: ac_nonexistent.h: No such file or directory
configure:5853: $? = 1
configure: failed program was:
| /* confdefs.h.  */
| #define PACKAGE_NAME "chillispot"
| #define PACKAGE_TARNAME "chillispot"
| #define PACKAGE_VERSION "1.1.0"
| #define PACKAGE_STRING "chillispot 1.1.0"
| #define PACKAGE_BUGREPORT "bugs@chillispot.org"
| #define PACKAGE "chillispot"
| #define VERSION "1.1.0"
| #define STDC_HEADERS 1
| #define HAVE_SYS_TYPES_H 1
| #define HAVE_SYS_STAT_H 1
| #define HAVE_STDLIB_H 1
| #define HAVE_STRING_H 1
| #define HAVE_MEMORY_H 1
| #define HAVE_STRINGS_H 1
| #define HAVE_INTTYPES_H 1
| #define HAVE_STDINT_H 1
| #define HAVE_UNISTD_H 1
| #define HAVE_DLFCN_H 1
| /* end confdefs.h.  */
| #include <ac_nonexistent.h>
configure:5904: checking for mips-linux-g77
configure:5934: result: no
configure:5904: checking for mips-linux-xlf
configure:5934: result: no
configure:5904: checking for mips-linux-f77
configure:5934: result: no
configure:5904: checking for mips-linux-frt
configure:5934: result: no
configure:5904: checking for mips-linux-pgf77
configure:5934: result: no
configure:5904: checking for mips-linux-cf77
configure:5934: result: no
configure:5904: checking for mips-linux-fort77
configure:5934: result: no
configure:5904: checking for mips-linux-fl32
configure:5934: result: no
configure:5904: checking for mips-linux-af77
configure:5934: result: no
configure:5904: checking for mips-linux-xlf90
configure:5934: result: no
configure:5904: checking for mips-linux-f90
configure:5934: result: no
configure:5904: checking for mips-linux-pgf90
configure:5934: result: no
configure:5904: checking for mips-linux-pghpf
configure:5934: result: no
configure:5904: checking for mips-linux-epcf90
configure:5934: result: no
configure:5904: checking for mips-linux-gfortran
configure:5934: result: no
configure:5904: checking for mips-linux-g95
configure:5934: result: no
configure:5904: checking for mips-linux-xlf95
configure:5934: result: no
configure:5904: checking for mips-linux-f95
configure:5934: result: no
configure:5904: checking for mips-linux-fort
configure:5934: result: no
configure:5904: checking for mips-linux-ifort
configure:5934: result: no
configure:5904: checking for mips-linux-ifc
configure:5934: result: no
configure:5904: checking for mips-linux-efc
configure:5934: result: no
configure:5904: checking for mips-linux-pgf95
configure:5934: result: no
configure:5904: checking for mips-linux-lf95
configure:5934: result: no
configure:5904: checking for mips-linux-ftn
configure:5934: result: no
configure:5948: checking for g77
configure:5978: result: no
configure:5948: checking for xlf
configure:5978: result: no
configure:5948: checking for f77
configure:5978: result: no
configure:5948: checking for frt
configure:5978: result: no
configure:5948: checking for pgf77
configure:5978: result: no
configure:5948: checking for cf77
configure:5978: result: no
configure:5948: checking for fort77
configure:5978: result: no
configure:5948: checking for fl32
configure:5978: result: no
configure:5948: checking for af77
configure:5978: result: no
configure:5948: checking for xlf90
configure:5978: result: no
configure:5948: checking for f90
configure:5978: result: no
configure:5948: checking for pgf90
configure:5978: result: no
configure:5948: checking for pghpf
configure:5978: result: no
configure:5948: checking for epcf90
configure:5978: result: no
configure:5948: checking for gfortran
configure:5964: found /usr/bin/gfortran
configure:5975: result: gfortran
configure:5991: WARNING: using cross tools not prefixed with host triplet
configure:6001: checking for Fortran 77 compiler version
configure:6009: gfortran --version >&5
GNU Fortran 95 (GCC) 4.1.1 20070105 (Red Hat 4.1.1-52)
Copyright (C) 2006 Free Software Foundation, Inc.

GNU Fortran comes with NO WARRANTY, to the extent permitted by law.
You may redistribute copies of GNU Fortran
under the terms of the GNU General Public License.
For more information about these matters, see the file named COPYING

configure:6013: $? = 0
configure:6020: gfortran -v >&5
Using built-in specs.
Target: i386-redhat-linux
Configured with: ../configure --prefix=/usr --mandir=/usr/share/man --infodir=/usr/share/info --enable-shared --enable-threads=posix --enable-checking=release --with-system-zlib --enable-__cxa_atexit --disable-libunwind-exceptions --enable-libgcj-multifile --enable-languages=c,c++,objc,obj-c++,java,fortran,ada --enable-java-awt=gtk --disable-dssi --enable-plugin --with-java-home=/usr/lib/jvm/java-1.4.2-gcj-1.4.2.0/jre --with-cpu=generic --host=i386-redhat-linux
Thread model: posix
gcc version 4.1.1 20070105 (Red Hat 4.1.1-52)
configure:6024: $? = 0
configure:6031: gfortran -V >&5
gfortran: '-V' option must have argument
configure:6035: $? = 1
configure:6043: checking whether we are using the GNU Fortran 77 compiler
configure:6062: gfortran -c  conftest.F >&5
configure:6069: $? = 0
configure:6086: result: yes
configure:6092: checking whether gfortran accepts -g
configure:6109: gfortran -c -g conftest.f >&5
configure:6116: $? = 0
configure:6132: result: yes
configure:6166: checking the maximum length of command line arguments
configure:6258: result: 32768
configure:6269: checking command to parse rsdk-linux-nm output from rsdk-linux-gcc object
configure:6365: rsdk-linux-gcc -c -g -O2  conftest.c >&5
configure:6368: $? = 0
configure:6372: rsdk-linux-nm conftest.o \| sed -n -e 's/^.*[ 	]\([ABCDGIRSTW][ABCDGIRSTW]*\)[ 	][ 	]*\([_A-Za-z][_A-Za-z0-9]*\)$/\1 \2 \2/p' \> conftest.nm
configure:6375: $? = 0
configure:6427: rsdk-linux-gcc -o conftest -g -O2   conftest.c conftstm.o >&5
configure:6430: $? = 0
configure:6468: result: ok
configure:6472: checking for objdir
configure:6487: result: .libs
configure:6539: checking for mips-linux-ar
configure:6566: result: rsdk-linux-ar
configure:6631: checking for mips-linux-ranlib
configure:6658: result: rsdk-linux-ranlib
configure:6723: checking for mips-linux-strip
configure:6750: result: rsdk-linux-strip
configure:7087: checking if rsdk-linux-gcc static flag  works
configure:7115: result: yes
configure:7133: checking if rsdk-linux-gcc supports -fno-rtti -fno-exceptions
configure:7151: rsdk-linux-gcc -c -g -O2  -fno-rtti -fno-exceptions conftest.c >&5
cc1: warning: command line option "-fno-rtti" is valid for C++/ObjC++ but not for C
configure:7155: $? = 0
configure:7168: result: no
configure:7183: checking for rsdk-linux-gcc option to produce PIC
configure:7387: result: -fPIC
configure:7395: checking if rsdk-linux-gcc PIC flag -fPIC works
configure:7413: rsdk-linux-gcc -c -g -O2  -fPIC -DPIC conftest.c >&5
configure:7417: $? = 0
configure:7430: result: yes
configure:7454: checking if rsdk-linux-gcc supports -c -o file.o
configure:7475: rsdk-linux-gcc -c -g -O2  -o out/conftest2.o conftest.c >&5
configure:7479: $? = 0
configure:7501: result: yes
configure:7527: checking whether the rsdk-linux-gcc linker (rsdk-linux-ld) supports shared libraries
configure:8426: result: yes
configure:8452: checking whether -lc should be explicitly linked in
configure:8457: rsdk-linux-gcc -c -g -O2  conftest.c >&5
configure:8460: $? = 0
configure:8474: rsdk-linux-gcc -shared conftest.o  -v -Wl,-soname -Wl,conftest -o conftest 2\>\&1 \| grep  -lc  \>/dev/null 2\>\&1
configure:8477: $? = 0
configure:8489: result: no
configure:8497: checking dynamic linker characteristics
configure:9060: result: GNU/Linux ld.so
configure:9064: checking how to hardcode library paths into programs
configure:9089: result: immediate
configure:9103: checking whether stripping libraries is possible
configure:9108: result: yes
configure:9933: checking if libtool supports shared libraries
configure:9935: result: yes
configure:9938: checking whether to build shared libraries
configure:9959: result: yes
configure:9962: checking whether to build static libraries
configure:9966: result: yes
configure:10058: creating libtool
configure:10636: checking for ld used by mips-linux-g++
configure:10703: result: rsdk-linux-ld
configure:10712: checking if the linker (rsdk-linux-ld) is GNU ld
configure:10727: result: yes
configure:10778: checking whether the mips-linux-g++ linker (rsdk-linux-ld) supports shared libraries
configure:11669: result: yes
configure:11687: mips-linux-g++ -c -g -O2  conftest.cc >&5
configure:11690: $? = 0
configure:11786: checking for mips-linux-g++ option to produce PIC
configure:12054: result: -fPIC
configure:12062: checking if mips-linux-g++ PIC flag -fPIC works
configure:12080: mips-linux-g++ -c -g -O2  -fPIC -DPIC conftest.cc >&5
configure:12084: $? = 0
configure:12097: result: yes
configure:12121: checking if mips-linux-g++ supports -c -o file.o
configure:12142: mips-linux-g++ -c -g -O2  -o out/conftest2.o conftest.cc >&5
configure:12146: $? = 0
configure:12168: result: yes
configure:12194: checking whether the mips-linux-g++ linker (rsdk-linux-ld) supports shared libraries
configure:12219: result: yes
configure:12290: checking dynamic linker characteristics
configure:12853: result: GNU/Linux ld.so
configure:12857: checking how to hardcode library paths into programs
configure:12882: result: immediate
configure:12896: checking whether stripping libraries is possible
configure:12901: result: yes
configure:14232: checking if libtool supports shared libraries
configure:14234: result: yes
configure:14237: checking whether to build shared libraries
configure:14257: result: yes
configure:14260: checking whether to build static libraries
configure:14264: result: yes
configure:14276: checking for gfortran option to produce PIC
configure:14480: result: -fPIC
configure:14488: checking if gfortran PIC flag -fPIC works
configure:14506: gfortran -c -g -O2 -fPIC conftest.f >&5
configure:14510: $? = 0
configure:14523: result: yes
configure:14547: checking if gfortran supports -c -o file.o
configure:14568: gfortran -c -g -O2 -o out/conftest2.o conftest.f >&5
configure:14572: $? = 0
configure:14594: result: yes
configure:14620: checking whether the gfortran linker (rsdk-linux-ld) supports shared libraries
configure:15499: result: yes
configure:15570: checking dynamic linker characteristics
configure:16133: result: GNU/Linux ld.so
configure:16137: checking how to hardcode library paths into programs
configure:16162: result: immediate
configure:16176: checking whether stripping libraries is possible
configure:16181: result: yes
configure:20440: checking for ANSI C header files
configure:20608: result: yes
configure:20645: checking arpa/inet.h usability
configure:20662: rsdk-linux-gcc -c -g -O2  conftest.c >&5
configure:20669: $? = 0
configure:20683: result: yes
configure:20687: checking arpa/inet.h presence
configure:20702: rsdk-linux-gcc -E  conftest.c
configure:20709: $? = 0
configure:20723: result: yes
configure:20756: checking for arpa/inet.h
configure:20765: result: yes
configure:20645: checking fcntl.h usability
configure:20662: rsdk-linux-gcc -c -g -O2  conftest.c >&5
configure:20669: $? = 0
configure:20683: result: yes
configure:20687: checking fcntl.h presence
configure:20702: rsdk-linux-gcc -E  conftest.c
configure:20709: $? = 0
configure:20723: result: yes
configure:20756: checking for fcntl.h
configure:20765: result: yes
configure:20645: checking netdb.h usability
configure:20662: rsdk-linux-gcc -c -g -O2  conftest.c >&5
configure:20669: $? = 0
configure:20683: result: yes
configure:20687: checking netdb.h presence
configure:20702: rsdk-linux-gcc -E  conftest.c
configure:20709: $? = 0
configure:20723: result: yes
configure:20756: checking for netdb.h
configure:20765: result: yes
configure:20645: checking netinet/in.h usability
configure:20662: rsdk-linux-gcc -c -g -O2  conftest.c >&5
configure:20669: $? = 0
configure:20683: result: yes
configure:20687: checking netinet/in.h presence
configure:20702: rsdk-linux-gcc -E  conftest.c
configure:20709: $? = 0
configure:20723: result: yes
configure:20756: checking for netinet/in.h
configure:20765: result: yes
configure:20634: checking for stdint.h
configure:20641: result: yes
configure:20634: checking for stdlib.h
configure:20641: result: yes
configure:20634: checking for string.h
configure:20641: result: yes
configure:20645: checking sys/ioctl.h usability
configure:20662: rsdk-linux-gcc -c -g -O2  conftest.c >&5
configure:20669: $? = 0
configure:20683: result: yes
configure:20687: checking sys/ioctl.h presence
configure:20702: rsdk-linux-gcc -E  conftest.c
configure:20709: $? = 0
configure:20723: result: yes
configure:20756: checking for sys/ioctl.h
configure:20765: result: yes
configure:20645: checking sys/socket.h usability
configure:20662: rsdk-linux-gcc -c -g -O2  conftest.c >&5
configure:20669: $? = 0
configure:20683: result: yes
configure:20687: checking sys/socket.h presence
configure:20702: rsdk-linux-gcc -E  conftest.c
configure:20709: $? = 0
configure:20723: result: yes
configure:20756: checking for sys/socket.h
configure:20765: result: yes
configure:20645: checking sys/time.h usability
configure:20662: rsdk-linux-gcc -c -g -O2  conftest.c >&5
configure:20669: $? = 0
configure:20683: result: yes
configure:20687: checking sys/time.h presence
configure:20702: rsdk-linux-gcc -E  conftest.c
configure:20709: $? = 0
configure:20723: result: yes
configure:20756: checking for sys/time.h
configure:20765: result: yes
configure:20645: checking syslog.h usability
configure:20662: rsdk-linux-gcc -c -g -O2  conftest.c >&5
configure:20669: $? = 0
configure:20683: result: yes
configure:20687: checking syslog.h presence
configure:20702: rsdk-linux-gcc -E  conftest.c
configure:20709: $? = 0
configure:20723: result: yes
configure:20756: checking for syslog.h
configure:20765: result: yes
configure:20634: checking for unistd.h
configure:20641: result: yes
configure:20782: checking for an ANSI C-conforming const
configure:20857: rsdk-linux-gcc -c -g -O2  conftest.c >&5
configure:20864: $? = 0
configure:20879: result: yes
configure:20889: checking for mode_t
configure:20917: rsdk-linux-gcc -c -g -O2  conftest.c >&5
configure:20924: $? = 0
configure:20951: rsdk-linux-gcc -c -g -O2  conftest.c >&5
conftest.c: In function 'main':
conftest.c:70: error: expected expression before ')' token
configure:20958: $? = 1
configure: failed program was:
| /* confdefs.h.  */
| #define PACKAGE_NAME "chillispot"
| #define PACKAGE_TARNAME "chillispot"
| #define PACKAGE_VERSION "1.1.0"
| #define PACKAGE_STRING "chillispot 1.1.0"
| #define PACKAGE_BUGREPORT "bugs@chillispot.org"
| #define PACKAGE "chillispot"
| #define VERSION "1.1.0"
| #define STDC_HEADERS 1
| #define HAVE_SYS_TYPES_H 1
| #define HAVE_SYS_STAT_H 1
| #define HAVE_STDLIB_H 1
| #define HAVE_STRING_H 1
| #define HAVE_MEMORY_H 1
| #define HAVE_STRINGS_H 1
| #define HAVE_INTTYPES_H 1
| #define HAVE_STDINT_H 1
| #define HAVE_UNISTD_H 1
| #define HAVE_DLFCN_H 1
| #define STDC_HEADERS 1
| #define HAVE_ARPA_INET_H 1
| #define HAVE_FCNTL_H 1
| #define HAVE_NETDB_H 1
| #define HAVE_NETINET_IN_H 1
| #define HAVE_STDINT_H 1
| #define HAVE_STDLIB_H 1
| #define HAVE_STRING_H 1
| #define HAVE_SYS_IOCTL_H 1
| #define HAVE_SYS_SOCKET_H 1
| #define HAVE_SYS_TIME_H 1
| #define HAVE_SYSLOG_H 1
| #define HAVE_UNISTD_H 1
| /* end confdefs.h.  */
| #include <stdio.h>
| #ifdef HAVE_SYS_TYPES_H
| # include <sys/types.h>
| #endif
| #ifdef HAVE_SYS_STAT_H
| # include <sys/stat.h>
| #endif
| #ifdef STDC_HEADERS
| # include <stdlib.h>
| # include <stddef.h>
| #else
| # ifdef HAVE_STDLIB_H
| #  include <stdlib.h>
| # endif
| #endif
| #ifdef HAVE_STRING_H
| # if !defined STDC_HEADERS && defined HAVE_MEMORY_H
| #  include <memory.h>
| # endif
| # include <string.h>
| #endif
| #ifdef HAVE_STRINGS_H
| # include <strings.h>
| #endif
| #ifdef HAVE_INTTYPES_H
| # include <inttypes.h>
| #endif
| #ifdef HAVE_STDINT_H
| # include <stdint.h>
| #endif
| #ifdef HAVE_UNISTD_H
| # include <unistd.h>
| #endif
| int
| main ()
| {
| if (sizeof ((mode_t)))
| 	  return 0;
|   ;
|   return 0;
| }
configure:20981: result: yes
configure:20993: checking whether time.h and sys/time.h may both be included
configure:21023: rsdk-linux-gcc -c -g -O2  conftest.c >&5
configure:21030: $? = 0
configure:21045: result: yes
configure:21057: checking for pid_t
configure:21085: rsdk-linux-gcc -c -g -O2  conftest.c >&5
configure:21092: $? = 0
configure:21119: rsdk-linux-gcc -c -g -O2  conftest.c >&5
conftest.c: In function 'main':
conftest.c:71: error: expected expression before ')' token
configure:21126: $? = 1
configure: failed program was:
| /* confdefs.h.  */
| #define PACKAGE_NAME "chillispot"
| #define PACKAGE_TARNAME "chillispot"
| #define PACKAGE_VERSION "1.1.0"
| #define PACKAGE_STRING "chillispot 1.1.0"
| #define PACKAGE_BUGREPORT "bugs@chillispot.org"
| #define PACKAGE "chillispot"
| #define VERSION "1.1.0"
| #define STDC_HEADERS 1
| #define HAVE_SYS_TYPES_H 1
| #define HAVE_SYS_STAT_H 1
| #define HAVE_STDLIB_H 1
| #define HAVE_STRING_H 1
| #define HAVE_MEMORY_H 1
| #define HAVE_STRINGS_H 1
| #define HAVE_INTTYPES_H 1
| #define HAVE_STDINT_H 1
| #define HAVE_UNISTD_H 1
| #define HAVE_DLFCN_H 1
| #define STDC_HEADERS 1
| #define HAVE_ARPA_INET_H 1
| #define HAVE_FCNTL_H 1
| #define HAVE_NETDB_H 1
| #define HAVE_NETINET_IN_H 1
| #define HAVE_STDINT_H 1
| #define HAVE_STDLIB_H 1
| #define HAVE_STRING_H 1
| #define HAVE_SYS_IOCTL_H 1
| #define HAVE_SYS_SOCKET_H 1
| #define HAVE_SYS_TIME_H 1
| #define HAVE_SYSLOG_H 1
| #define HAVE_UNISTD_H 1
| #define TIME_WITH_SYS_TIME 1
| /* end confdefs.h.  */
| #include <stdio.h>
| #ifdef HAVE_SYS_TYPES_H
| # include <sys/types.h>
| #endif
| #ifdef HAVE_SYS_STAT_H
| # include <sys/stat.h>
| #endif
| #ifdef STDC_HEADERS
| # include <stdlib.h>
| # include <stddef.h>
| #else
| # ifdef HAVE_STDLIB_H
| #  include <stdlib.h>
| # endif
| #endif
| #ifdef HAVE_STRING_H
| # if !defined STDC_HEADERS && defined HAVE_MEMORY_H
| #  include <memory.h>
| # endif
| # include <string.h>
| #endif
| #ifdef HAVE_STRINGS_H
| # include <strings.h>
| #endif
| #ifdef HAVE_INTTYPES_H
| # include <inttypes.h>
| #endif
| #ifdef HAVE_STDINT_H
| # include <stdint.h>
| #endif
| #ifdef HAVE_UNISTD_H
| # include <unistd.h>
| #endif
| int
| main ()
| {
| if (sizeof ((pid_t)))
| 	  return 0;
|   ;
|   return 0;
| }
configure:21149: result: yes
configure:21177: checking vfork.h usability
configure:21194: rsdk-linux-gcc -c -g -O2  conftest.c >&5
conftest.c:68:19: error: vfork.h: No such file or directory
configure:21201: $? = 1
configure: failed program was:
| /* confdefs.h.  */
| #define PACKAGE_NAME "chillispot"
| #define PACKAGE_TARNAME "chillispot"
| #define PACKAGE_VERSION "1.1.0"
| #define PACKAGE_STRING "chillispot 1.1.0"
| #define PACKAGE_BUGREPORT "bugs@chillispot.org"
| #define PACKAGE "chillispot"
| #define VERSION "1.1.0"
| #define STDC_HEADERS 1
| #define HAVE_SYS_TYPES_H 1
| #define HAVE_SYS_STAT_H 1
| #define HAVE_STDLIB_H 1
| #define HAVE_STRING_H 1
| #define HAVE_MEMORY_H 1
| #define HAVE_STRINGS_H 1
| #define HAVE_INTTYPES_H 1
| #define HAVE_STDINT_H 1
| #define HAVE_UNISTD_H 1
| #define HAVE_DLFCN_H 1
| #define STDC_HEADERS 1
| #define HAVE_ARPA_INET_H 1
| #define HAVE_FCNTL_H 1
| #define HAVE_NETDB_H 1
| #define HAVE_NETINET_IN_H 1
| #define HAVE_STDINT_H 1
| #define HAVE_STDLIB_H 1
| #define HAVE_STRING_H 1
| #define HAVE_SYS_IOCTL_H 1
| #define HAVE_SYS_SOCKET_H 1
| #define HAVE_SYS_TIME_H 1
| #define HAVE_SYSLOG_H 1
| #define HAVE_UNISTD_H 1
| #define TIME_WITH_SYS_TIME 1
| /* end confdefs.h.  */
| #include <stdio.h>
| #ifdef HAVE_SYS_TYPES_H
| # include <sys/types.h>
| #endif
| #ifdef HAVE_SYS_STAT_H
| # include <sys/stat.h>
| #endif
| #ifdef STDC_HEADERS
| # include <stdlib.h>
| # include <stddef.h>
| #else
| # ifdef HAVE_STDLIB_H
| #  include <stdlib.h>
| # endif
| #endif
| #ifdef HAVE_STRING_H
| # if !defined STDC_HEADERS && defined HAVE_MEMORY_H
| #  include <memory.h>
| # endif
| # include <string.h>
| #endif
| #ifdef HAVE_STRINGS_H
| # include <strings.h>
| #endif
| #ifdef HAVE_INTTYPES_H
| # include <inttypes.h>
| #endif
| #ifdef HAVE_STDINT_H
| # include <stdint.h>
| #endif
| #ifdef HAVE_UNISTD_H
| # include <unistd.h>
| #endif
| #include <vfork.h>
configure:21215: result: no
configure:21219: checking vfork.h presence
configure:21234: rsdk-linux-gcc -E  conftest.c
conftest.c:35:19: error: vfork.h: No such file or directory
configure:21241: $? = 1
configure: failed program was:
| /* confdefs.h.  */
| #define PACKAGE_NAME "chillispot"
| #define PACKAGE_TARNAME "chillispot"
| #define PACKAGE_VERSION "1.1.0"
| #define PACKAGE_STRING "chillispot 1.1.0"
| #define PACKAGE_BUGREPORT "bugs@chillispot.org"
| #define PACKAGE "chillispot"
| #define VERSION "1.1.0"
| #define STDC_HEADERS 1
| #define HAVE_SYS_TYPES_H 1
| #define HAVE_SYS_STAT_H 1
| #define HAVE_STDLIB_H 1
| #define HAVE_STRING_H 1
| #define HAVE_MEMORY_H 1
| #define HAVE_STRINGS_H 1
| #define HAVE_INTTYPES_H 1
| #define HAVE_STDINT_H 1
| #define HAVE_UNISTD_H 1
| #define HAVE_DLFCN_H 1
| #define STDC_HEADERS 1
| #define HAVE_ARPA_INET_H 1
| #define HAVE_FCNTL_H 1
| #define HAVE_NETDB_H 1
| #define HAVE_NETINET_IN_H 1
| #define HAVE_STDINT_H 1
| #define HAVE_STDLIB_H 1
| #define HAVE_STRING_H 1
| #define HAVE_SYS_IOCTL_H 1
| #define HAVE_SYS_SOCKET_H 1
| #define HAVE_SYS_TIME_H 1
| #define HAVE_SYSLOG_H 1
| #define HAVE_UNISTD_H 1
| #define TIME_WITH_SYS_TIME 1
| /* end confdefs.h.  */
| #include <vfork.h>
configure:21255: result: no
configure:21288: checking for vfork.h
configure:21297: result: no
configure:21317: checking for fork
configure:21373: rsdk-linux-gcc -o conftest -g -O2   conftest.c  >&5
conftest.c:58: warning: conflicting types for built-in function 'fork'
configure:21380: $? = 0
configure:21402: result: yes
configure:21317: checking for vfork
configure:21373: rsdk-linux-gcc -o conftest -g -O2   conftest.c  >&5
configure:21380: $? = 0
configure:21402: result: yes
configure:21415: checking for working fork
configure:21478: result: cross
configure:21494: WARNING: result yes guessed because of cross compilation
configure:21499: checking for working vfork
configure:21640: result: yes
configure:21672: checking whether rsdk-linux-gcc needs -traditional
configure:21714: result: no
configure:21726: checking for stdlib.h
configure:21733: result: yes
configure:21872: checking for GNU libc compatible malloc
configure:21937: result: no
configure:21965: checking for working memcmp
configure:22049: result: no
configure:22075: checking sys/select.h usability
configure:22092: rsdk-linux-gcc -c -g -O2  conftest.c >&5
configure:22099: $? = 0
configure:22113: result: yes
configure:22117: checking sys/select.h presence
configure:22132: rsdk-linux-gcc -E  conftest.c
configure:22139: $? = 0
configure:22153: result: yes
configure:22186: checking for sys/select.h
configure:22195: result: yes
configure:22064: checking for sys/socket.h
configure:22071: result: yes
configure:22210: checking types of arguments for select
configure:22248: rsdk-linux-gcc -c -g -O2  conftest.c >&5
configure:22255: $? = 0
configure:22276: result: int,fd_set *,struct timeval *
configure:22312: checking for gethostbyname
configure:22368: rsdk-linux-gcc -o conftest -g -O2   conftest.c  >&5
configure:22375: $? = 0
configure:22397: result: yes
configure:22312: checking for gettimeofday
configure:22368: rsdk-linux-gcc -o conftest -g -O2   conftest.c  >&5
configure:22375: $? = 0
configure:22397: result: yes
configure:22312: checking for inet_ntoa
configure:22368: rsdk-linux-gcc -o conftest -g -O2   conftest.c  >&5
configure:22375: $? = 0
configure:22397: result: yes
configure:22312: checking for memset
configure:22368: rsdk-linux-gcc -o conftest -g -O2   conftest.c  >&5
conftest.c:73: warning: conflicting types for built-in function 'memset'
configure:22375: $? = 0
configure:22397: result: yes
configure:22312: checking for select
configure:22368: rsdk-linux-gcc -o conftest -g -O2   conftest.c  >&5
configure:22375: $? = 0
configure:22397: result: yes
configure:22312: checking for socket
configure:22368: rsdk-linux-gcc -o conftest -g -O2   conftest.c  >&5
configure:22375: $? = 0
configure:22397: result: yes
configure:22312: checking for strdup
configure:22368: rsdk-linux-gcc -o conftest -g -O2   conftest.c  >&5
conftest.c:76: warning: conflicting types for built-in function 'strdup'
configure:22375: $? = 0
configure:22397: result: yes
configure:22312: checking for strerror
configure:22368: rsdk-linux-gcc -o conftest -g -O2   conftest.c  >&5
configure:22375: $? = 0
configure:22397: result: yes
configure:22312: checking for strstr
configure:22368: rsdk-linux-gcc -o conftest -g -O2   conftest.c  >&5
conftest.c:78: warning: conflicting types for built-in function 'strstr'
configure:22375: $? = 0
configure:22397: result: yes
configure:22312: checking for strtol
configure:22368: rsdk-linux-gcc -o conftest -g -O2   conftest.c  >&5
configure:22375: $? = 0
configure:22397: result: yes
configure:22535: creating ./config.status

## ---------------------- ##
## Running config.status. ##
## ---------------------- ##

This file was extended by chillispot config.status 1.1.0, which was
generated by GNU Autoconf 2.63.  Invocation command line was

  CONFIG_FILES    = 
  CONFIG_HEADERS  = 
  CONFIG_LINKS    = 
  CONFIG_COMMANDS = 
  $ ./config.status 

on soft

config.status:829: creating Makefile
config.status:829: creating doc/Makefile
config.status:829: creating src/Makefile
config.status:829: creating chillispot.spec
config.status:829: creating config.h
config.status:1045: config.h is unchanged
config.status:1096: executing depfiles commands
configure:23850: WARNING: unrecognized options: --enable-static-exec

## ---------------- ##
## Cache variables. ##
## ---------------- ##

ac_cv_build=i686-pc-linux-gnu
ac_cv_c_compiler_gnu=yes
ac_cv_c_const=yes
ac_cv_cxx_compiler_gnu=yes
ac_cv_env_CCC_set=
ac_cv_env_CCC_value=
ac_cv_env_CC_set=set
ac_cv_env_CC_value=rsdk-linux-gcc
ac_cv_env_CFLAGS_set=
ac_cv_env_CFLAGS_value=
ac_cv_env_CPPFLAGS_set=
ac_cv_env_CPPFLAGS_value=
ac_cv_env_CPP_set=set
ac_cv_env_CPP_value='rsdk-linux-gcc -E'
ac_cv_env_CXXCPP_set=
ac_cv_env_CXXCPP_value=
ac_cv_env_CXXFLAGS_set=
ac_cv_env_CXXFLAGS_value=
ac_cv_env_CXX_set=
ac_cv_env_CXX_value=
ac_cv_env_F77_set=
ac_cv_env_F77_value=
ac_cv_env_FFLAGS_set=
ac_cv_env_FFLAGS_value=
ac_cv_env_LDFLAGS_set=
ac_cv_env_LDFLAGS_value=
ac_cv_env_LIBS_set=
ac_cv_env_LIBS_value=
ac_cv_env_build_alias_set=
ac_cv_env_build_alias_value=
ac_cv_env_host_alias_set=set
ac_cv_env_host_alias_value=mips-linux
ac_cv_env_target_alias_set=
ac_cv_env_target_alias_value=
ac_cv_f77_compiler_gnu=yes
ac_cv_func_fork=yes
ac_cv_func_fork_works=yes
ac_cv_func_gethostbyname=yes
ac_cv_func_gettimeofday=yes
ac_cv_func_inet_ntoa=yes
ac_cv_func_malloc_0_nonnull=no
ac_cv_func_memcmp_working=no
ac_cv_func_memset=yes
ac_cv_func_select=yes
ac_cv_func_select_args='int,fd_set *,struct timeval *'
ac_cv_func_socket=yes
ac_cv_func_strdup=yes
ac_cv_func_strerror=yes
ac_cv_func_strstr=yes
ac_cv_func_strtol=yes
ac_cv_func_vfork=yes
ac_cv_func_vfork_works=yes
ac_cv_header_arpa_inet_h=yes
ac_cv_header_dlfcn_h=yes
ac_cv_header_fcntl_h=yes
ac_cv_header_inttypes_h=yes
ac_cv_header_memory_h=yes
ac_cv_header_netdb_h=yes
ac_cv_header_netinet_in_h=yes
ac_cv_header_stdc=yes
ac_cv_header_stdint_h=yes
ac_cv_header_stdlib_h=yes
ac_cv_header_string_h=yes
ac_cv_header_strings_h=yes
ac_cv_header_sys_ioctl_h=yes
ac_cv_header_sys_select_h=yes
ac_cv_header_sys_socket_h=yes
ac_cv_header_sys_stat_h=yes
ac_cv_header_sys_time_h=yes
ac_cv_header_sys_types_h=yes
ac_cv_header_syslog_h=yes
ac_cv_header_time=yes
ac_cv_header_unistd_h=yes
ac_cv_header_vfork_h=no
ac_cv_host=mips-unknown-linux-gnu
ac_cv_objext=o
ac_cv_path_EGREP='/bin/grep -E'
ac_cv_path_GREP=/bin/grep
ac_cv_path_install='/usr/bin/install -c'
ac_cv_prog_AR=rsdk-linux-ar
ac_cv_prog_AWK=awk
ac_cv_prog_CC=rsdk-linux-gcc
ac_cv_prog_CPP='rsdk-linux-gcc -E'
ac_cv_prog_CXX=mips-linux-g++
ac_cv_prog_CXXCPP='mips-linux-g++ -E'
ac_cv_prog_RANLIB=rsdk-linux-ranlib
ac_cv_prog_STRIP=rsdk-linux-strip
ac_cv_prog_ac_ct_F77=gfortran
ac_cv_prog_cc_c89=
ac_cv_prog_cc_g=yes
ac_cv_prog_cxx_g=yes
ac_cv_prog_f77_g=yes
ac_cv_prog_gcc_traditional=no
ac_cv_prog_make_make_set=yes
ac_cv_type_mode_t=yes
ac_cv_type_pid_t=yes
am_cv_CC_dependencies_compiler_type=gcc3
am_cv_CXX_dependencies_compiler_type=gcc3
lt_cv_deplibs_check_method=pass_all
lt_cv_file_magic_cmd='$MAGIC_CMD'
lt_cv_file_magic_test_file=
lt_cv_ld_reload_flag=-r
lt_cv_objdir=.libs
lt_cv_path_LD=rsdk-linux-ld
lt_cv_path_LDCXX=rsdk-linux-ld
lt_cv_path_NM=rsdk-linux-nm
lt_cv_path_SED=/bin/sed
lt_cv_prog_compiler_c_o=yes
lt_cv_prog_compiler_c_o_CXX=yes
lt_cv_prog_compiler_c_o_F77=yes
lt_cv_prog_compiler_rtti_exceptions=no
lt_cv_prog_gnu_ld=yes
lt_cv_prog_gnu_ldcxx=yes
lt_cv_sys_global_symbol_pipe='sed -n -e '\''s/^.*[ 	]\([ABCDGIRSTW][ABCDGIRSTW]*\)[ 	][ 	]*\([_A-Za-z][_A-Za-z0-9]*\)$/\1 \2 \2/p'\'''
lt_cv_sys_global_symbol_to_c_name_address='sed -n -e '\''s/^: \([^ ]*\) $/  {\"\1\", (lt_ptr) 0},/p'\'' -e '\''s/^[BCDEGRST] \([^ ]*\) \([^ ]*\)$/  {"\2", (lt_ptr) \&\2},/p'\'''
lt_cv_sys_global_symbol_to_cdecl='sed -n -e '\''s/^. .* \(.*\)$/extern int \1;/p'\'''
lt_cv_sys_max_cmd_len=32768
lt_lt_cv_prog_compiler_c_o='"yes"'
lt_lt_cv_prog_compiler_c_o_CXX='"yes"'
lt_lt_cv_prog_compiler_c_o_F77='"yes"'
lt_lt_cv_sys_global_symbol_pipe='"sed -n -e '\''s/^.*[ 	]\\([ABCDGIRSTW][ABCDGIRSTW]*\\)[ 	][ 	]*\\([_A-Za-z][_A-Za-z0-9]*\\)\$/\\1 \\2 \\2/p'\''"'
lt_lt_cv_sys_global_symbol_to_c_name_address='"sed -n -e '\''s/^: \\([^ ]*\\) \$/  {\\\"\\1\\\", (lt_ptr) 0},/p'\'' -e '\''s/^[BCDEGRST] \\([^ ]*\\) \\([^ ]*\\)\$/  {\"\\2\", (lt_ptr) \\&\\2},/p'\''"'
lt_lt_cv_sys_global_symbol_to_cdecl='"sed -n -e '\''s/^. .* \\(.*\\)\$/extern int \\1;/p'\''"'

## ----------------- ##
## Output variables. ##
## ----------------- ##

ACLOCAL='${SHELL} /home/dslpl3/zhangzhihua/svn/RTL8676/RTL8676xx/build.RTL8676/opensource/fon/chillispot-dd/missing --run aclocal-1.9'
AMDEPBACKSLASH='\'
AMDEP_FALSE='#'
AMDEP_TRUE=''
AMTAR='${SHELL} /home/dslpl3/zhangzhihua/svn/RTL8676/RTL8676xx/build.RTL8676/opensource/fon/chillispot-dd/missing --run tar'
AR='rsdk-linux-ar'
AUTOCONF='${SHELL} /home/dslpl3/zhangzhihua/svn/RTL8676/RTL8676xx/build.RTL8676/opensource/fon/chillispot-dd/missing --run autoconf'
AUTOHEADER='${SHELL} /home/dslpl3/zhangzhihua/svn/RTL8676/RTL8676xx/build.RTL8676/opensource/fon/chillispot-dd/missing --run autoheader'
AUTOMAKE='${SHELL} /home/dslpl3/zhangzhihua/svn/RTL8676/RTL8676xx/build.RTL8676/opensource/fon/chillispot-dd/missing --run automake-1.9'
AWK='awk'
CC='rsdk-linux-gcc'
CCDEPMODE='depmode=gcc3'
CFLAGS='-g -O2'
CPP='rsdk-linux-gcc -E'
CPPFLAGS=''
CXX='mips-linux-g++'
CXXCPP='mips-linux-g++ -E'
CXXDEPMODE='depmode=gcc3'
CXXFLAGS='-g -O2'
CYGPATH_W='echo'
DEFS='-DHAVE_CONFIG_H'
DEPDIR='.deps'
ECHO='echo'
ECHO_C=''
ECHO_N='-n'
ECHO_T=''
EGREP='/bin/grep -E'
EXEEXT=''
F77='gfortran'
FFLAGS='-g -O2'
GREP='/bin/grep'
INSTALL_DATA='${INSTALL} -m 644'
INSTALL_PROGRAM='${INSTALL}'
INSTALL_SCRIPT='${INSTALL}'
INSTALL_STRIP_PROGRAM='${SHELL} $(install_sh) -c -s'
LDFLAGS=''
LIBOBJS=' ${LIBOBJDIR}malloc$U.o ${LIBOBJDIR}memcmp$U.o'
LIBS=''
LIBTOOL='$(SHELL) $(top_builddir)/libtool'
LN_S='ln -s'
LTLIBOBJS=' ${LIBOBJDIR}malloc$U.lo ${LIBOBJDIR}memcmp$U.lo'
MAKEINFO='${SHELL} /home/dslpl3/zhangzhihua/svn/RTL8676/RTL8676xx/build.RTL8676/opensource/fon/chillispot-dd/missing --run makeinfo'
OBJEXT='o'
PACKAGE='chillispot'
PACKAGE_BUGREPORT='bugs@chillispot.org'
PACKAGE_NAME='chillispot'
PACKAGE_STRING='chillispot 1.1.0'
PACKAGE_TARNAME='chillispot'
PACKAGE_VERSION='1.1.0'
PATH_SEPARATOR=':'
RANLIB='rsdk-linux-ranlib'
SET_MAKE=''
SHELL='/bin/sh'
STRIP='rsdk-linux-strip'
VERSION='1.1.0'
ac_ct_CC=''
ac_ct_CXX=''
ac_ct_F77='gfortran'
am__fastdepCC_FALSE='#'
am__fastdepCC_TRUE=''
am__fastdepCXX_FALSE='#'
am__fastdepCXX_TRUE=''
am__include='include'
am__leading_dot='.'
am__quote=''
am__tar='${AMTAR} chof - "$$tardir"'
am__untar='${AMTAR} xf -'
bindir='${exec_prefix}/bin'
build='i686-pc-linux-gnu'
build_alias=''
build_cpu='i686'
build_os='linux-gnu'
build_vendor='pc'
datadir='${datarootdir}'
datarootdir='${prefix}/share'
docdir='${datarootdir}/doc/${PACKAGE_TARNAME}'
dvidir='${docdir}'
exec_prefix='${prefix}'
host='mips-unknown-linux-gnu'
host_alias='mips-linux'
host_cpu='mips'
host_os='linux-gnu'
host_vendor='unknown'
htmldir='${docdir}'
includedir='${prefix}/include'
infodir='${datarootdir}/info'
install_sh='/home/dslpl3/zhangzhihua/svn/RTL8676/RTL8676xx/build.RTL8676/opensource/fon/chillispot-dd/install-sh'
libdir='${exec_prefix}/lib'
libexecdir='${exec_prefix}/libexec'
localedir='${datarootdir}/locale'
localstatedir='${prefix}/var'
mandir='${datarootdir}/man'
mkdir_p='mkdir -p --'
oldincludedir='/usr/include'
pdfdir='${docdir}'
prefix='/home/dslpl3/zhangzhihua/svn/RTL8676/RTL8676xx/build/tmpdist'
program_transform_name='s,x,x,'
psdir='${docdir}'
sbindir='${exec_prefix}/sbin'
sharedstatedir='${prefix}/com'
sysconfdir='${prefix}/etc'
target_alias=''

## ----------- ##
## confdefs.h. ##
## ----------- ##

#define PACKAGE_NAME "chillispot"
#define PACKAGE_TARNAME "chillispot"
#define PACKAGE_VERSION "1.1.0"
#define PACKAGE_STRING "chillispot 1.1.0"
#define PACKAGE_BUGREPORT "bugs@chillispot.org"
#define PACKAGE "chillispot"
#define VERSION "1.1.0"
#define STDC_HEADERS 1
#define HAVE_SYS_TYPES_H 1
#define HAVE_SYS_STAT_H 1
#define HAVE_STDLIB_H 1
#define HAVE_STRING_H 1
#define HAVE_MEMORY_H 1
#define HAVE_STRINGS_H 1
#define HAVE_INTTYPES_H 1
#define HAVE_STDINT_H 1
#define HAVE_UNISTD_H 1
#define HAVE_DLFCN_H 1
#define STDC_HEADERS 1
#define HAVE_ARPA_INET_H 1
#define HAVE_FCNTL_H 1
#define HAVE_NETDB_H 1
#define HAVE_NETINET_IN_H 1
#define HAVE_STDINT_H 1
#define HAVE_STDLIB_H 1
#define HAVE_STRING_H 1
#define HAVE_SYS_IOCTL_H 1
#define HAVE_SYS_SOCKET_H 1
#define HAVE_SYS_TIME_H 1
#define HAVE_SYSLOG_H 1
#define HAVE_UNISTD_H 1
#define TIME_WITH_SYS_TIME 1
#define HAVE_FORK 1
#define HAVE_VFORK 1
#define HAVE_WORKING_VFORK 1
#define HAVE_WORKING_FORK 1
#define HAVE_STDLIB_H 1
#define HAVE_MALLOC 0
#define malloc rpl_malloc
#define HAVE_SYS_SELECT_H 1
#define HAVE_SYS_SOCKET_H 1
#define SELECT_TYPE_ARG1 int
#define SELECT_TYPE_ARG234 (fd_set *)
#define SELECT_TYPE_ARG5 (struct timeval *)
#define HAVE_GETHOSTBYNAME 1
#define HAVE_GETTIMEOFDAY 1
#define HAVE_INET_NTOA 1
#define HAVE_MEMSET 1
#define HAVE_SELECT 1
#define HAVE_SOCKET 1
#define HAVE_STRDUP 1
#define HAVE_STRERROR 1
#define HAVE_STRSTR 1
#define HAVE_STRTOL 1

configure: exit 0
